#logback.classic pattern: %d{yyyy-MM-dd HH:mm:ss.SSS} [%thread] %-5level %logger{36} - %msg%n
2024-12-12 11:11:42.322 [main] INFO  o.s.t.c.s.DefaultTestContextBootstrapper - Loaded default TestExecutionListener class names from location [META-INF/spring.factories]: [org.springframework.test.context.web.ServletTestExecutionListener, org.springframework.test.context.support.DirtiesContextBeforeModesTestExecutionListener, org.springframework.test.context.event.ApplicationEventsTestExecutionListener, org.springframework.test.context.support.DependencyInjectionTestExecutionListener, org.springframework.test.context.support.DirtiesContextTestExecutionListener, org.springframework.test.context.transaction.TransactionalTestExecutionListener, org.springframework.test.context.jdbc.SqlScriptsTestExecutionListener, org.springframework.test.context.event.EventPublishingTestExecutionListener]
2024-12-12 11:11:42.339 [main] INFO  o.s.t.c.s.DefaultTestContextBootstrapper - Using TestExecutionListeners: [org.springframework.test.context.web.ServletTestExecutionListener@5136d012, org.springframework.test.context.support.DirtiesContextBeforeModesTestExecutionListener@5939a379, org.springframework.test.context.event.ApplicationEventsTestExecutionListener@e1de817, org.springframework.test.context.support.DependencyInjectionTestExecutionListener@52102734, org.springframework.test.context.support.DirtiesContextTestExecutionListener@3541cb24, org.springframework.test.context.transaction.TransactionalTestExecutionListener@2177849e, org.springframework.test.context.jdbc.SqlScriptsTestExecutionListener@40cb8df7, org.springframework.test.context.event.EventPublishingTestExecutionListener@13b13b5d]
2024-12-12 11:11:43.714 [main] INFO  o.h.validator.internal.util.Version - HV000001: Hibernate Validator 6.2.0.Final
2024-12-12 11:11:44.129 [main] INFO  o.s.s.a.ScheduledAnnotationBeanPostProcessor - No TaskScheduler/ScheduledExecutorService bean found for scheduled processing
2024-12-12 11:11:44.156 [main] WARN  o.s.test.context.TestContextManager - Caught exception while invoking 'beforeTestMethod' callback on TestExecutionListener [org.springframework.test.context.transaction.TransactionalTestExecutionListener@2177849e] for test method [public void org.example.service.PackageServiceTest.testUpdatePackage()] and test instance [org.example.service.PackageServiceTest@42fb8c87]
java.lang.IllegalStateException: Failed to retrieve PlatformTransactionManager for @Transactional test: [DefaultTestContext@3206174f testClass = PackageServiceTest, testInstance = org.example.service.PackageServiceTest@42fb8c87, testMethod = testUpdatePackage@PackageServiceTest, testException = [null], mergedContextConfiguration = [MergedContextConfiguration@15eb0ae9 testClass = PackageServiceTest, locations = '{classpath:applicationContext.xml, classpath:spring-mvc.xml}', classes = '{}', contextInitializerClasses = '[]', activeProfiles = '{}', propertySourceLocations = '{}', propertySourceProperties = '{}', contextCustomizers = set[[empty]], contextLoader = 'org.springframework.test.context.support.DelegatingSmartContextLoader', parent = [null]], attributes = map['org.springframework.test.context.event.ApplicationEventsTestExecutionListener.recordApplicationEvents' -> false]]
	at org.springframework.util.Assert.state(Assert.java:97)
	at org.springframework.test.context.transaction.TransactionalTestExecutionListener.beforeTestMethod(TransactionalTestExecutionListener.java:224)
	at org.springframework.test.context.TestContextManager.beforeTestMethod(TestContextManager.java:293)
	at org.springframework.test.context.junit4.statements.RunBeforeTestMethodCallbacks.evaluate(RunBeforeTestMethodCallbacks.java:74)
	at org.springframework.test.context.junit4.statements.RunAfterTestMethodCallbacks.evaluate(RunAfterTestMethodCallbacks.java:86)
	at org.springframework.test.context.junit4.statements.SpringRepeat.evaluate(SpringRepeat.java:84)
	at org.junit.runners.ParentRunner.runLeaf(ParentRunner.java:366)
	at org.springframework.test.context.junit4.SpringJUnit4ClassRunner.runChild(SpringJUnit4ClassRunner.java:251)
	at org.springframework.test.context.junit4.SpringJUnit4ClassRunner.runChild(SpringJUnit4ClassRunner.java:97)
	at org.junit.runners.ParentRunner$4.run(ParentRunner.java:331)
	at org.junit.runners.ParentRunner$1.schedule(ParentRunner.java:79)
	at org.junit.runners.ParentRunner.runChildren(ParentRunner.java:329)
	at org.junit.runners.ParentRunner.access$100(ParentRunner.java:66)
	at org.junit.runners.ParentRunner$2.evaluate(ParentRunner.java:293)
	at org.springframework.test.context.junit4.statements.RunBeforeTestClassCallbacks.evaluate(RunBeforeTestClassCallbacks.java:61)
	at org.springframework.test.context.junit4.statements.RunAfterTestClassCallbacks.evaluate(RunAfterTestClassCallbacks.java:70)
	at org.junit.runners.ParentRunner$3.evaluate(ParentRunner.java:306)
	at org.junit.runners.ParentRunner.run(ParentRunner.java:413)
	at org.springframework.test.context.junit4.SpringJUnit4ClassRunner.run(SpringJUnit4ClassRunner.java:190)
	at org.junit.runner.JUnitCore.run(JUnitCore.java:137)
	at com.intellij.junit4.JUnit4IdeaTestRunner.startRunnerWithArgs(JUnit4IdeaTestRunner.java:69)
	at com.intellij.rt.junit.IdeaTestRunner$Repeater$1.execute(IdeaTestRunner.java:38)
	at com.intellij.rt.execution.junit.TestsRepeater.repeat(TestsRepeater.java:11)
	at com.intellij.rt.junit.IdeaTestRunner$Repeater.startRunnerWithArgs(IdeaTestRunner.java:35)
	at com.intellij.rt.junit.JUnitStarter.prepareStreamsAndStart(JUnitStarter.java:232)
	at com.intellij.rt.junit.JUnitStarter.main(JUnitStarter.java:55)
2024-12-12 11:11:44.170 [main] WARN  o.s.test.context.TestContextManager - Caught exception while invoking 'beforeTestMethod' callback on TestExecutionListener [org.springframework.test.context.transaction.TransactionalTestExecutionListener@2177849e] for test method [public void org.example.service.PackageServiceTest.testAddPackage()] and test instance [org.example.service.PackageServiceTest@5f95f1e1]
java.lang.IllegalStateException: Failed to retrieve PlatformTransactionManager for @Transactional test: [DefaultTestContext@3206174f testClass = PackageServiceTest, testInstance = org.example.service.PackageServiceTest@5f95f1e1, testMethod = testAddPackage@PackageServiceTest, testException = [null], mergedContextConfiguration = [MergedContextConfiguration@15eb0ae9 testClass = PackageServiceTest, locations = '{classpath:applicationContext.xml, classpath:spring-mvc.xml}', classes = '{}', contextInitializerClasses = '[]', activeProfiles = '{}', propertySourceLocations = '{}', propertySourceProperties = '{}', contextCustomizers = set[[empty]], contextLoader = 'org.springframework.test.context.support.DelegatingSmartContextLoader', parent = [null]], attributes = map['org.springframework.test.context.event.ApplicationEventsTestExecutionListener.recordApplicationEvents' -> false]]
	at org.springframework.util.Assert.state(Assert.java:97)
	at org.springframework.test.context.transaction.TransactionalTestExecutionListener.beforeTestMethod(TransactionalTestExecutionListener.java:224)
	at org.springframework.test.context.TestContextManager.beforeTestMethod(TestContextManager.java:293)
	at org.springframework.test.context.junit4.statements.RunBeforeTestMethodCallbacks.evaluate(RunBeforeTestMethodCallbacks.java:74)
	at org.springframework.test.context.junit4.statements.RunAfterTestMethodCallbacks.evaluate(RunAfterTestMethodCallbacks.java:86)
	at org.springframework.test.context.junit4.statements.SpringRepeat.evaluate(SpringRepeat.java:84)
	at org.junit.runners.ParentRunner.runLeaf(ParentRunner.java:366)
	at org.springframework.test.context.junit4.SpringJUnit4ClassRunner.runChild(SpringJUnit4ClassRunner.java:251)
	at org.springframework.test.context.junit4.SpringJUnit4ClassRunner.runChild(SpringJUnit4ClassRunner.java:97)
	at org.junit.runners.ParentRunner$4.run(ParentRunner.java:331)
	at org.junit.runners.ParentRunner$1.schedule(ParentRunner.java:79)
	at org.junit.runners.ParentRunner.runChildren(ParentRunner.java:329)
	at org.junit.runners.ParentRunner.access$100(ParentRunner.java:66)
	at org.junit.runners.ParentRunner$2.evaluate(ParentRunner.java:293)
	at org.springframework.test.context.junit4.statements.RunBeforeTestClassCallbacks.evaluate(RunBeforeTestClassCallbacks.java:61)
	at org.springframework.test.context.junit4.statements.RunAfterTestClassCallbacks.evaluate(RunAfterTestClassCallbacks.java:70)
	at org.junit.runners.ParentRunner$3.evaluate(ParentRunner.java:306)
	at org.junit.runners.ParentRunner.run(ParentRunner.java:413)
	at org.springframework.test.context.junit4.SpringJUnit4ClassRunner.run(SpringJUnit4ClassRunner.java:190)
	at org.junit.runner.JUnitCore.run(JUnitCore.java:137)
	at com.intellij.junit4.JUnit4IdeaTestRunner.startRunnerWithArgs(JUnit4IdeaTestRunner.java:69)
	at com.intellij.rt.junit.IdeaTestRunner$Repeater$1.execute(IdeaTestRunner.java:38)
	at com.intellij.rt.execution.junit.TestsRepeater.repeat(TestsRepeater.java:11)
	at com.intellij.rt.junit.IdeaTestRunner$Repeater.startRunnerWithArgs(IdeaTestRunner.java:35)
	at com.intellij.rt.junit.JUnitStarter.prepareStreamsAndStart(JUnitStarter.java:232)
	at com.intellij.rt.junit.JUnitStarter.main(JUnitStarter.java:55)
2024-12-12 11:11:44.173 [main] WARN  o.s.test.context.TestContextManager - Caught exception while invoking 'beforeTestMethod' callback on TestExecutionListener [org.springframework.test.context.transaction.TransactionalTestExecutionListener@2177849e] for test method [public void org.example.service.PackageServiceTest.testDeletePackage()] and test instance [org.example.service.PackageServiceTest@39e69ea7]
java.lang.IllegalStateException: Failed to retrieve PlatformTransactionManager for @Transactional test: [DefaultTestContext@3206174f testClass = PackageServiceTest, testInstance = org.example.service.PackageServiceTest@39e69ea7, testMethod = testDeletePackage@PackageServiceTest, testException = [null], mergedContextConfiguration = [MergedContextConfiguration@15eb0ae9 testClass = PackageServiceTest, locations = '{classpath:applicationContext.xml, classpath:spring-mvc.xml}', classes = '{}', contextInitializerClasses = '[]', activeProfiles = '{}', propertySourceLocations = '{}', propertySourceProperties = '{}', contextCustomizers = set[[empty]], contextLoader = 'org.springframework.test.context.support.DelegatingSmartContextLoader', parent = [null]], attributes = map['org.springframework.test.context.event.ApplicationEventsTestExecutionListener.recordApplicationEvents' -> false]]
	at org.springframework.util.Assert.state(Assert.java:97)
	at org.springframework.test.context.transaction.TransactionalTestExecutionListener.beforeTestMethod(TransactionalTestExecutionListener.java:224)
	at org.springframework.test.context.TestContextManager.beforeTestMethod(TestContextManager.java:293)
	at org.springframework.test.context.junit4.statements.RunBeforeTestMethodCallbacks.evaluate(RunBeforeTestMethodCallbacks.java:74)
	at org.springframework.test.context.junit4.statements.RunAfterTestMethodCallbacks.evaluate(RunAfterTestMethodCallbacks.java:86)
	at org.springframework.test.context.junit4.statements.SpringRepeat.evaluate(SpringRepeat.java:84)
	at org.junit.runners.ParentRunner.runLeaf(ParentRunner.java:366)
	at org.springframework.test.context.junit4.SpringJUnit4ClassRunner.runChild(SpringJUnit4ClassRunner.java:251)
	at org.springframework.test.context.junit4.SpringJUnit4ClassRunner.runChild(SpringJUnit4ClassRunner.java:97)
	at org.junit.runners.ParentRunner$4.run(ParentRunner.java:331)
	at org.junit.runners.ParentRunner$1.schedule(ParentRunner.java:79)
	at org.junit.runners.ParentRunner.runChildren(ParentRunner.java:329)
	at org.junit.runners.ParentRunner.access$100(ParentRunner.java:66)
	at org.junit.runners.ParentRunner$2.evaluate(ParentRunner.java:293)
	at org.springframework.test.context.junit4.statements.RunBeforeTestClassCallbacks.evaluate(RunBeforeTestClassCallbacks.java:61)
	at org.springframework.test.context.junit4.statements.RunAfterTestClassCallbacks.evaluate(RunAfterTestClassCallbacks.java:70)
	at org.junit.runners.ParentRunner$3.evaluate(ParentRunner.java:306)
	at org.junit.runners.ParentRunner.run(ParentRunner.java:413)
	at org.springframework.test.context.junit4.SpringJUnit4ClassRunner.run(SpringJUnit4ClassRunner.java:190)
	at org.junit.runner.JUnitCore.run(JUnitCore.java:137)
	at com.intellij.junit4.JUnit4IdeaTestRunner.startRunnerWithArgs(JUnit4IdeaTestRunner.java:69)
	at com.intellij.rt.junit.IdeaTestRunner$Repeater$1.execute(IdeaTestRunner.java:38)
	at com.intellij.rt.execution.junit.TestsRepeater.repeat(TestsRepeater.java:11)
	at com.intellij.rt.junit.IdeaTestRunner$Repeater.startRunnerWithArgs(IdeaTestRunner.java:35)
	at com.intellij.rt.junit.JUnitStarter.prepareStreamsAndStart(JUnitStarter.java:232)
	at com.intellij.rt.junit.JUnitStarter.main(JUnitStarter.java:55)
2024-12-12 11:11:44.177 [main] WARN  o.s.test.context.TestContextManager - Caught exception while invoking 'beforeTestMethod' callback on TestExecutionListener [org.springframework.test.context.transaction.TransactionalTestExecutionListener@2177849e] for test method [public void org.example.service.PackageServiceTest.testQueryPackage()] and test instance [org.example.service.PackageServiceTest@6015a4a5]
java.lang.IllegalStateException: Failed to retrieve PlatformTransactionManager for @Transactional test: [DefaultTestContext@3206174f testClass = PackageServiceTest, testInstance = org.example.service.PackageServiceTest@6015a4a5, testMethod = testQueryPackage@PackageServiceTest, testException = [null], mergedContextConfiguration = [MergedContextConfiguration@15eb0ae9 testClass = PackageServiceTest, locations = '{classpath:applicationContext.xml, classpath:spring-mvc.xml}', classes = '{}', contextInitializerClasses = '[]', activeProfiles = '{}', propertySourceLocations = '{}', propertySourceProperties = '{}', contextCustomizers = set[[empty]], contextLoader = 'org.springframework.test.context.support.DelegatingSmartContextLoader', parent = [null]], attributes = map['org.springframework.test.context.event.ApplicationEventsTestExecutionListener.recordApplicationEvents' -> false]]
	at org.springframework.util.Assert.state(Assert.java:97)
	at org.springframework.test.context.transaction.TransactionalTestExecutionListener.beforeTestMethod(TransactionalTestExecutionListener.java:224)
	at org.springframework.test.context.TestContextManager.beforeTestMethod(TestContextManager.java:293)
	at org.springframework.test.context.junit4.statements.RunBeforeTestMethodCallbacks.evaluate(RunBeforeTestMethodCallbacks.java:74)
	at org.springframework.test.context.junit4.statements.RunAfterTestMethodCallbacks.evaluate(RunAfterTestMethodCallbacks.java:86)
	at org.springframework.test.context.junit4.statements.SpringRepeat.evaluate(SpringRepeat.java:84)
	at org.junit.runners.ParentRunner.runLeaf(ParentRunner.java:366)
	at org.springframework.test.context.junit4.SpringJUnit4ClassRunner.runChild(SpringJUnit4ClassRunner.java:251)
	at org.springframework.test.context.junit4.SpringJUnit4ClassRunner.runChild(SpringJUnit4ClassRunner.java:97)
	at org.junit.runners.ParentRunner$4.run(ParentRunner.java:331)
	at org.junit.runners.ParentRunner$1.schedule(ParentRunner.java:79)
	at org.junit.runners.ParentRunner.runChildren(ParentRunner.java:329)
	at org.junit.runners.ParentRunner.access$100(ParentRunner.java:66)
	at org.junit.runners.ParentRunner$2.evaluate(ParentRunner.java:293)
	at org.springframework.test.context.junit4.statements.RunBeforeTestClassCallbacks.evaluate(RunBeforeTestClassCallbacks.java:61)
	at org.springframework.test.context.junit4.statements.RunAfterTestClassCallbacks.evaluate(RunAfterTestClassCallbacks.java:70)
	at org.junit.runners.ParentRunner$3.evaluate(ParentRunner.java:306)
	at org.junit.runners.ParentRunner.run(ParentRunner.java:413)
	at org.springframework.test.context.junit4.SpringJUnit4ClassRunner.run(SpringJUnit4ClassRunner.java:190)
	at org.junit.runner.JUnitCore.run(JUnitCore.java:137)
	at com.intellij.junit4.JUnit4IdeaTestRunner.startRunnerWithArgs(JUnit4IdeaTestRunner.java:69)
	at com.intellij.rt.junit.IdeaTestRunner$Repeater$1.execute(IdeaTestRunner.java:38)
	at com.intellij.rt.execution.junit.TestsRepeater.repeat(TestsRepeater.java:11)
	at com.intellij.rt.junit.IdeaTestRunner$Repeater.startRunnerWithArgs(IdeaTestRunner.java:35)
	at com.intellij.rt.junit.JUnitStarter.prepareStreamsAndStart(JUnitStarter.java:232)
	at com.intellij.rt.junit.JUnitStarter.main(JUnitStarter.java:55)
2024-12-12 11:11:44.788 [pool-1-thread-1] DEBUG o.e.mapper.UserMapper.selectByStatus - ==>  Preparing: SELECT id, name, identity_card, phone_number, balance, login_password, status, machine_id, last_on_computer_time, last_off_computer_time, register_time FROM users WHERE status = ?
2024-12-12 11:11:44.840 [pool-1-thread-1] DEBUG o.e.mapper.UserMapper.selectByStatus - ==> Parameters: Online(String)
2024-12-12 11:11:44.903 [pool-1-thread-1] DEBUG o.e.mapper.UserMapper.selectByStatus - <==      Total: 50
2024-12-12 11:11:44.984 [pool-1-thread-1] DEBUG o.e.m.ManagementLogMapper.insert - ==>  Preparing: INSERT INTO managementlog (admin_id, operation, detail) VALUES (?, ?, ?)
2024-12-12 11:11:44.987 [pool-1-thread-1] DEBUG o.e.m.ManagementLogMapper.insert - ==> Parameters: null, QUERY_MACHINE(String), 查询机器详情，机器ID: 900(String)
2024-12-12 11:11:45.012 [pool-1-thread-1] DEBUG o.e.m.ManagementLogMapper.insert - <==    Updates: 1
2024-12-12 11:11:45.025 [pool-1-thread-1] DEBUG o.e.mapper.MachineMapper.selectById - ==>  Preparing: SELECT id, zone_id, price, status, online_user_id FROM machines WHERE id = ?
2024-12-12 11:11:45.026 [pool-1-thread-1] DEBUG o.e.mapper.MachineMapper.selectById - ==> Parameters: 900(Integer)
2024-12-12 11:11:45.030 [pool-1-thread-1] DEBUG o.e.mapper.MachineMapper.selectById - <==      Total: 0
2024-12-12 11:11:45.047 [pool-1-thread-1] DEBUG o.e.m.ManagementLogMapper.insert - ==>  Preparing: INSERT INTO managementlog (admin_id, operation, detail) VALUES (?, ?, ?)
2024-12-12 11:11:45.048 [pool-1-thread-1] DEBUG o.e.m.ManagementLogMapper.insert - ==> Parameters: null, QUERY_MACHINE(String), 查询机器详情，机器ID: 561(String)
2024-12-12 11:11:45.052 [pool-1-thread-1] DEBUG o.e.m.ManagementLogMapper.insert - <==    Updates: 1
2024-12-12 11:11:45.059 [pool-1-thread-1] DEBUG o.e.mapper.MachineMapper.selectById - ==>  Preparing: SELECT id, zone_id, price, status, online_user_id FROM machines WHERE id = ?
2024-12-12 11:11:45.060 [pool-1-thread-1] DEBUG o.e.mapper.MachineMapper.selectById - ==> Parameters: 561(Integer)
2024-12-12 11:11:45.062 [pool-1-thread-1] DEBUG o.e.mapper.MachineMapper.selectById - <==      Total: 0
2024-12-12 11:11:45.069 [pool-1-thread-1] DEBUG o.e.m.ManagementLogMapper.insert - ==>  Preparing: INSERT INTO managementlog (admin_id, operation, detail) VALUES (?, ?, ?)
2024-12-12 11:11:45.070 [pool-1-thread-1] DEBUG o.e.m.ManagementLogMapper.insert - ==> Parameters: null, QUERY_MACHINE(String), 查询机器详情，机器ID: 58(String)
2024-12-12 11:11:45.075 [pool-1-thread-1] DEBUG o.e.m.ManagementLogMapper.insert - <==    Updates: 1
2024-12-12 11:11:45.084 [pool-1-thread-1] DEBUG o.e.mapper.MachineMapper.selectById - ==>  Preparing: SELECT id, zone_id, price, status, online_user_id FROM machines WHERE id = ?
2024-12-12 11:11:45.084 [pool-1-thread-1] DEBUG o.e.mapper.MachineMapper.selectById - ==> Parameters: 58(Integer)
2024-12-12 11:11:45.089 [pool-1-thread-1] DEBUG o.e.mapper.MachineMapper.selectById - <==      Total: 1
2024-12-12 11:11:45.095 [pool-1-thread-1] DEBUG o.e.mapper.UserMapper.selectById - ==>  Preparing: SELECT id, name, identity_card, phone_number, balance, login_password, status, machine_id, last_on_computer_time, last_off_computer_time, register_time FROM users WHERE id = ?
2024-12-12 11:11:45.095 [pool-1-thread-1] DEBUG o.e.mapper.UserMapper.selectById - ==> Parameters: 12(Integer)
2024-12-12 11:11:45.098 [pool-1-thread-1] DEBUG o.e.mapper.UserMapper.selectById - <==      Total: 1
2024-12-12 11:11:45.104 [pool-1-thread-1] DEBUG o.e.m.ManagementLogMapper.insert - ==>  Preparing: INSERT INTO managementlog (admin_id, operation, detail) VALUES (?, ?, ?)
2024-12-12 11:11:45.104 [pool-1-thread-1] DEBUG o.e.m.ManagementLogMapper.insert - ==> Parameters: null, QUERY_MACHINE(String), 查询机器详情，机器ID: 58(String)
2024-12-12 11:11:45.108 [pool-1-thread-1] DEBUG o.e.m.ManagementLogMapper.insert - <==    Updates: 1
2024-12-12 11:11:45.115 [pool-1-thread-1] DEBUG o.e.mapper.MachineMapper.selectById - ==>  Preparing: SELECT id, zone_id, price, status, online_user_id FROM machines WHERE id = ?
2024-12-12 11:11:45.115 [pool-1-thread-1] DEBUG o.e.mapper.MachineMapper.selectById - ==> Parameters: 58(Integer)
2024-12-12 11:11:45.117 [pool-1-thread-1] DEBUG o.e.mapper.MachineMapper.selectById - <==      Total: 1
2024-12-12 11:11:45.124 [pool-1-thread-1] DEBUG o.e.m.ManagementLogMapper.insert - ==>  Preparing: INSERT INTO managementlog (admin_id, operation, detail) VALUES (?, ?, ?)
2024-12-12 11:11:45.124 [pool-1-thread-1] DEBUG o.e.m.ManagementLogMapper.insert - ==> Parameters: null, USER_OPERATION_ERROR(String), 下机失败，余额不足，用户ID: 12, 用户名: User643, 当前余额: 0.00元, 需付费用: 1264854.60元(String)
2024-12-12 11:11:45.128 [pool-1-thread-1] DEBUG o.e.m.ManagementLogMapper.insert - <==    Updates: 1
2024-12-12 11:11:45.134 [pool-1-thread-1] DEBUG o.e.mapper.UserLogMapper.insert - ==>  Preparing: INSERT INTO userlog (user_id, operation, detail) VALUES (?, ?, ?)
2024-12-12 11:11:45.134 [pool-1-thread-1] DEBUG o.e.mapper.UserLogMapper.insert - ==> Parameters: 12(Integer), ERROR(String), 强制下机失败：余额不足(String)
2024-12-12 11:11:45.138 [pool-1-thread-1] DEBUG o.e.mapper.UserLogMapper.insert - <==    Updates: 1
2024-12-12 11:11:45.141 [pool-1-thread-1] DEBUG o.e.m.ManagementLogMapper.insert - ==>  Preparing: INSERT INTO managementlog (admin_id, operation, detail) VALUES (?, ?, ?)
2024-12-12 11:11:45.143 [pool-1-thread-1] DEBUG o.e.m.ManagementLogMapper.insert - ==> Parameters: null, QUERY_MACHINE(String), 查询机器详情，机器ID: 359(String)
2024-12-12 11:11:45.145 [pool-1-thread-1] DEBUG o.e.m.ManagementLogMapper.insert - <==    Updates: 1
2024-12-12 11:11:45.149 [pool-1-thread-1] DEBUG o.e.mapper.MachineMapper.selectById - ==>  Preparing: SELECT id, zone_id, price, status, online_user_id FROM machines WHERE id = ?
2024-12-12 11:11:45.149 [pool-1-thread-1] DEBUG o.e.mapper.MachineMapper.selectById - ==> Parameters: 359(Integer)
2024-12-12 11:11:45.150 [pool-1-thread-1] DEBUG o.e.mapper.MachineMapper.selectById - <==      Total: 0
2024-12-12 11:11:45.154 [pool-1-thread-1] DEBUG o.e.m.ManagementLogMapper.insert - ==>  Preparing: INSERT INTO managementlog (admin_id, operation, detail) VALUES (?, ?, ?)
2024-12-12 11:11:45.154 [pool-1-thread-1] DEBUG o.e.m.ManagementLogMapper.insert - ==> Parameters: null, QUERY_MACHINE(String), 查询机器详情，机器ID: 305(String)
2024-12-12 11:11:45.159 [pool-1-thread-1] DEBUG o.e.m.ManagementLogMapper.insert - <==    Updates: 1
2024-12-12 11:11:45.162 [pool-1-thread-1] DEBUG o.e.mapper.MachineMapper.selectById - ==>  Preparing: SELECT id, zone_id, price, status, online_user_id FROM machines WHERE id = ?
2024-12-12 11:11:45.162 [pool-1-thread-1] DEBUG o.e.mapper.MachineMapper.selectById - ==> Parameters: 305(Integer)
2024-12-12 11:11:45.164 [pool-1-thread-1] DEBUG o.e.mapper.MachineMapper.selectById - <==      Total: 0
2024-12-12 11:11:45.169 [pool-1-thread-1] DEBUG o.e.m.ManagementLogMapper.insert - ==>  Preparing: INSERT INTO managementlog (admin_id, operation, detail) VALUES (?, ?, ?)
2024-12-12 11:11:45.170 [pool-1-thread-1] DEBUG o.e.m.ManagementLogMapper.insert - ==> Parameters: null, QUERY_MACHINE(String), 查询机器详情，机器ID: 384(String)
2024-12-12 11:11:45.173 [pool-1-thread-1] DEBUG o.e.m.ManagementLogMapper.insert - <==    Updates: 1
2024-12-12 11:11:45.180 [pool-1-thread-1] DEBUG o.e.mapper.MachineMapper.selectById - ==>  Preparing: SELECT id, zone_id, price, status, online_user_id FROM machines WHERE id = ?
2024-12-12 11:11:45.180 [pool-1-thread-1] DEBUG o.e.mapper.MachineMapper.selectById - ==> Parameters: 384(Integer)
2024-12-12 11:11:45.181 [pool-1-thread-1] DEBUG o.e.mapper.MachineMapper.selectById - <==      Total: 0
2024-12-12 11:11:45.186 [pool-1-thread-1] DEBUG o.e.m.ManagementLogMapper.insert - ==>  Preparing: INSERT INTO managementlog (admin_id, operation, detail) VALUES (?, ?, ?)
2024-12-12 11:11:45.188 [pool-1-thread-1] DEBUG o.e.m.ManagementLogMapper.insert - ==> Parameters: null, QUERY_MACHINE(String), 查询机器详情，机器ID: 677(String)
