#logback.classic pattern: %d{yyyy-MM-dd HH:mm:ss.SSS} [%thread] %-5level %logger{36} - %msg%n
2024-12-12 11:12:53.410 [main] INFO  o.s.t.c.s.DefaultTestContextBootstrapper - Loaded default TestExecutionListener class names from location [META-INF/spring.factories]: [org.springframework.test.context.web.ServletTestExecutionListener, org.springframework.test.context.support.DirtiesContextBeforeModesTestExecutionListener, org.springframework.test.context.event.ApplicationEventsTestExecutionListener, org.springframework.test.context.support.DependencyInjectionTestExecutionListener, org.springframework.test.context.support.DirtiesContextTestExecutionListener, org.springframework.test.context.transaction.TransactionalTestExecutionListener, org.springframework.test.context.jdbc.SqlScriptsTestExecutionListener, org.springframework.test.context.event.EventPublishingTestExecutionListener]
2024-12-12 11:12:53.426 [main] INFO  o.s.t.c.s.DefaultTestContextBootstrapper - Using TestExecutionListeners: [org.springframework.test.context.web.ServletTestExecutionListener@3541cb24, org.springframework.test.context.support.DirtiesContextBeforeModesTestExecutionListener@2177849e, org.springframework.test.context.event.ApplicationEventsTestExecutionListener@40cb8df7, org.springframework.test.context.support.DependencyInjectionTestExecutionListener@13b13b5d, org.springframework.test.context.support.DirtiesContextTestExecutionListener@2892dae4, org.springframework.test.context.transaction.TransactionalTestExecutionListener@355ce81c, org.springframework.test.context.jdbc.SqlScriptsTestExecutionListener@29647f75, org.springframework.test.context.event.EventPublishingTestExecutionListener@3315d2d7]
2024-12-12 11:12:54.570 [main] INFO  o.h.validator.internal.util.Version - HV000001: Hibernate Validator 6.2.0.Final
2024-12-12 11:12:54.918 [main] INFO  o.s.s.a.ScheduledAnnotationBeanPostProcessor - No TaskScheduler/ScheduledExecutorService bean found for scheduled processing
2024-12-12 11:12:55.082 [main] INFO  o.s.t.c.t.TransactionContext - Began transaction (1) for test context [DefaultTestContext@2954f6ab testClass = PackageServiceTest, testInstance = org.example.service.PackageServiceTest@58fbd02e, testMethod = testUpdatePackage@PackageServiceTest, testException = [null], mergedContextConfiguration = [MergedContextConfiguration@163042ea testClass = PackageServiceTest, locations = '{classpath:applicationContext.xml, classpath:spring-mvc.xml}', classes = '{}', contextInitializerClasses = '[]', activeProfiles = '{}', propertySourceLocations = '{}', propertySourceProperties = '{}', contextCustomizers = set[[empty]], contextLoader = 'org.springframework.test.context.support.DelegatingSmartContextLoader', parent = [null]], attributes = map['org.springframework.test.context.event.ApplicationEventsTestExecutionListener.recordApplicationEvents' -> false]]; transaction manager [org.springframework.jdbc.datasource.DataSourceTransactionManager@681adc8f]; rollback [true]
2024-12-12 11:12:55.105 [main] DEBUG o.e.m.PackageMapper.insertPackage - ==>  Preparing: INSERT INTO package (user_id, discount, start_time, end_time, admin_id) VALUES (?, ?, ?, ?, ?)
2024-12-12 11:12:55.105 [pool-1-thread-1] DEBUG o.e.mapper.UserMapper.selectByStatus - ==>  Preparing: SELECT id, name, identity_card, phone_number, balance, login_password, status, machine_id, last_on_computer_time, last_off_computer_time, register_time FROM users WHERE status = ?
2024-12-12 11:12:55.124 [pool-1-thread-1] DEBUG o.e.mapper.UserMapper.selectByStatus - ==> Parameters: Online(String)
2024-12-12 11:12:55.126 [main] DEBUG o.e.m.PackageMapper.insertPackage - ==> Parameters: 1(Integer), 0.85(BigDecimal), 2024-12-12T11:12:55.087061200(LocalDateTime), 2025-01-11T11:12:55.087061200(LocalDateTime), 1(Integer)
2024-12-12 11:12:55.151 [main] DEBUG o.e.m.PackageMapper.insertPackage - <==    Updates: 1
2024-12-12 11:12:55.156 [pool-1-thread-1] DEBUG o.e.mapper.UserMapper.selectByStatus - <==      Total: 50
2024-12-12 11:12:55.159 [pool-1-thread-1] DEBUG o.e.m.ManagementLogMapper.insert - ==>  Preparing: INSERT INTO managementlog (admin_id, operation, detail) VALUES (?, ?, ?)
2024-12-12 11:12:55.161 [pool-1-thread-1] DEBUG o.e.m.ManagementLogMapper.insert - ==> Parameters: null, QUERY_MACHINE(String), 查询机器详情，机器ID: 900(String)
2024-12-12 11:12:55.165 [pool-1-thread-1] DEBUG o.e.m.ManagementLogMapper.insert - <==    Updates: 1
2024-12-12 11:12:55.166 [pool-1-thread-1] DEBUG o.e.mapper.MachineMapper.selectById - ==>  Preparing: SELECT id, zone_id, price, status, online_user_id FROM machines WHERE id = ?
2024-12-12 11:12:55.166 [pool-1-thread-1] DEBUG o.e.mapper.MachineMapper.selectById - ==> Parameters: 900(Integer)
2024-12-12 11:12:55.167 [pool-1-thread-1] DEBUG o.e.mapper.MachineMapper.selectById - <==      Total: 0
2024-12-12 11:12:55.167 [main] DEBUG o.e.m.PackageMapper.updatePackage - ==>  Preparing: UPDATE package SET discount = ? WHERE user_id = ?
2024-12-12 11:12:55.169 [pool-1-thread-1] DEBUG o.e.m.ManagementLogMapper.insert - ==>  Preparing: INSERT INTO managementlog (admin_id, operation, detail) VALUES (?, ?, ?)
2024-12-12 11:12:55.169 [main] DEBUG o.e.m.PackageMapper.updatePackage - ==> Parameters: 0.75(BigDecimal), 1(Integer)
2024-12-12 11:12:55.169 [pool-1-thread-1] DEBUG o.e.m.ManagementLogMapper.insert - ==> Parameters: null, QUERY_MACHINE(String), 查询机器详情，机器ID: 561(String)
2024-12-12 11:12:55.171 [pool-1-thread-1] DEBUG o.e.m.ManagementLogMapper.insert - <==    Updates: 1
2024-12-12 11:12:55.172 [pool-1-thread-1] DEBUG o.e.mapper.MachineMapper.selectById - ==>  Preparing: SELECT id, zone_id, price, status, online_user_id FROM machines WHERE id = ?
2024-12-12 11:12:55.172 [pool-1-thread-1] DEBUG o.e.mapper.MachineMapper.selectById - ==> Parameters: 561(Integer)
2024-12-12 11:12:55.172 [pool-1-thread-1] DEBUG o.e.mapper.MachineMapper.selectById - <==      Total: 0
2024-12-12 11:12:55.173 [pool-1-thread-1] DEBUG o.e.m.ManagementLogMapper.insert - ==>  Preparing: INSERT INTO managementlog (admin_id, operation, detail) VALUES (?, ?, ?)
2024-12-12 11:12:55.173 [pool-1-thread-1] DEBUG o.e.m.ManagementLogMapper.insert - ==> Parameters: null, QUERY_MACHINE(String), 查询机器详情，机器ID: 58(String)
2024-12-12 11:12:55.174 [main] DEBUG o.e.m.PackageMapper.updatePackage - <==    Updates: 1
2024-12-12 11:12:55.176 [pool-1-thread-1] DEBUG o.e.m.ManagementLogMapper.insert - <==    Updates: 1
2024-12-12 11:12:55.176 [pool-1-thread-1] DEBUG o.e.mapper.MachineMapper.selectById - ==>  Preparing: SELECT id, zone_id, price, status, online_user_id FROM machines WHERE id = ?
2024-12-12 11:12:55.177 [pool-1-thread-1] DEBUG o.e.mapper.MachineMapper.selectById - ==> Parameters: 58(Integer)
2024-12-12 11:12:55.180 [pool-1-thread-1] DEBUG o.e.mapper.MachineMapper.selectById - <==      Total: 1
2024-12-12 11:12:55.181 [pool-1-thread-1] DEBUG o.e.mapper.UserMapper.selectById - ==>  Preparing: SELECT id, name, identity_card, phone_number, balance, login_password, status, machine_id, last_on_computer_time, last_off_computer_time, register_time FROM users WHERE id = ?
2024-12-12 11:12:55.181 [pool-1-thread-1] DEBUG o.e.mapper.UserMapper.selectById - ==> Parameters: 12(Integer)
2024-12-12 11:12:55.183 [pool-1-thread-1] DEBUG o.e.mapper.UserMapper.selectById - <==      Total: 1
2024-12-12 11:12:55.183 [pool-1-thread-1] DEBUG o.e.m.ManagementLogMapper.insert - ==>  Preparing: INSERT INTO managementlog (admin_id, operation, detail) VALUES (?, ?, ?)
2024-12-12 11:12:55.183 [pool-1-thread-1] DEBUG o.e.m.ManagementLogMapper.insert - ==> Parameters: null, QUERY_MACHINE(String), 查询机器详情，机器ID: 58(String)
2024-12-12 11:12:55.186 [pool-1-thread-1] DEBUG o.e.m.ManagementLogMapper.insert - <==    Updates: 1
2024-12-12 11:12:55.187 [pool-1-thread-1] DEBUG o.e.mapper.MachineMapper.selectById - ==>  Preparing: SELECT id, zone_id, price, status, online_user_id FROM machines WHERE id = ?
2024-12-12 11:12:55.187 [pool-1-thread-1] DEBUG o.e.mapper.MachineMapper.selectById - ==> Parameters: 58(Integer)
2024-12-12 11:12:55.188 [pool-1-thread-1] DEBUG o.e.mapper.MachineMapper.selectById - <==      Total: 1
2024-12-12 11:12:55.190 [pool-1-thread-1] DEBUG o.e.m.ManagementLogMapper.insert - ==>  Preparing: INSERT INTO managementlog (admin_id, operation, detail) VALUES (?, ?, ?)
2024-12-12 11:12:55.191 [pool-1-thread-1] DEBUG o.e.m.ManagementLogMapper.insert - ==> Parameters: null, USER_OPERATION_ERROR(String), 下机失败，余额不足，用户ID: 12, 用户名: User643, 当前余额: 0.00元, 需付费用: 1264860.00元(String)
2024-12-12 11:12:55.193 [pool-1-thread-1] DEBUG o.e.m.ManagementLogMapper.insert - <==    Updates: 1
2024-12-12 11:12:55.194 [pool-1-thread-1] DEBUG o.e.mapper.UserLogMapper.insert - ==>  Preparing: INSERT INTO userlog (user_id, operation, detail) VALUES (?, ?, ?)
2024-12-12 11:12:55.195 [pool-1-thread-1] DEBUG o.e.mapper.UserLogMapper.insert - ==> Parameters: 12(Integer), ERROR(String), 强制下机失败：余额不足(String)
2024-12-12 11:12:55.200 [pool-1-thread-1] DEBUG o.e.mapper.UserLogMapper.insert - <==    Updates: 1
2024-12-12 11:12:55.200 [pool-1-thread-1] DEBUG o.e.m.ManagementLogMapper.insert - ==>  Preparing: INSERT INTO managementlog (admin_id, operation, detail) VALUES (?, ?, ?)
2024-12-12 11:12:55.200 [pool-1-thread-1] DEBUG o.e.m.ManagementLogMapper.insert - ==> Parameters: null, QUERY_MACHINE(String), 查询机器详情，机器ID: 359(String)
2024-12-12 11:12:55.203 [pool-1-thread-1] DEBUG o.e.m.ManagementLogMapper.insert - <==    Updates: 1
2024-12-12 11:12:55.203 [pool-1-thread-1] DEBUG o.e.mapper.MachineMapper.selectById - ==>  Preparing: SELECT id, zone_id, price, status, online_user_id FROM machines WHERE id = ?
2024-12-12 11:12:55.204 [pool-1-thread-1] DEBUG o.e.mapper.MachineMapper.selectById - ==> Parameters: 359(Integer)
2024-12-12 11:12:55.204 [pool-1-thread-1] DEBUG o.e.mapper.MachineMapper.selectById - <==      Total: 0
2024-12-12 11:12:55.204 [pool-1-thread-1] DEBUG o.e.m.ManagementLogMapper.insert - ==>  Preparing: INSERT INTO managementlog (admin_id, operation, detail) VALUES (?, ?, ?)
2024-12-12 11:12:55.205 [pool-1-thread-1] DEBUG o.e.m.ManagementLogMapper.insert - ==> Parameters: null, QUERY_MACHINE(String), 查询机器详情，机器ID: 305(String)
2024-12-12 11:12:55.207 [pool-1-thread-1] DEBUG o.e.m.ManagementLogMapper.insert - <==    Updates: 1
2024-12-12 11:12:55.207 [pool-1-thread-1] DEBUG o.e.mapper.MachineMapper.selectById - ==>  Preparing: SELECT id, zone_id, price, status, online_user_id FROM machines WHERE id = ?
2024-12-12 11:12:55.208 [pool-1-thread-1] DEBUG o.e.mapper.MachineMapper.selectById - ==> Parameters: 305(Integer)
2024-12-12 11:12:55.208 [pool-1-thread-1] DEBUG o.e.mapper.MachineMapper.selectById - <==      Total: 0
2024-12-12 11:12:55.208 [pool-1-thread-1] DEBUG o.e.m.ManagementLogMapper.insert - ==>  Preparing: INSERT INTO managementlog (admin_id, operation, detail) VALUES (?, ?, ?)
2024-12-12 11:12:55.210 [pool-1-thread-1] DEBUG o.e.m.ManagementLogMapper.insert - ==> Parameters: null, QUERY_MACHINE(String), 查询机器详情，机器ID: 384(String)
2024-12-12 11:12:55.211 [pool-1-thread-1] DEBUG o.e.m.ManagementLogMapper.insert - <==    Updates: 1
2024-12-12 11:12:55.212 [pool-1-thread-1] DEBUG o.e.mapper.MachineMapper.selectById - ==>  Preparing: SELECT id, zone_id, price, status, online_user_id FROM machines WHERE id = ?
2024-12-12 11:12:55.212 [pool-1-thread-1] DEBUG o.e.mapper.MachineMapper.selectById - ==> Parameters: 384(Integer)
2024-12-12 11:12:55.214 [pool-1-thread-1] DEBUG o.e.mapper.MachineMapper.selectById - <==      Total: 0
2024-12-12 11:12:55.214 [pool-1-thread-1] DEBUG o.e.m.ManagementLogMapper.insert - ==>  Preparing: INSERT INTO managementlog (admin_id, operation, detail) VALUES (?, ?, ?)
2024-12-12 11:12:55.215 [pool-1-thread-1] DEBUG o.e.m.ManagementLogMapper.insert - ==> Parameters: null, QUERY_MACHINE(String), 查询机器详情，机器ID: 677(String)
2024-12-12 11:12:55.217 [pool-1-thread-1] DEBUG o.e.m.ManagementLogMapper.insert - <==    Updates: 1
2024-12-12 11:12:55.218 [pool-1-thread-1] DEBUG o.e.mapper.MachineMapper.selectById - ==>  Preparing: SELECT id, zone_id, price, status, online_user_id FROM machines WHERE id = ?
2024-12-12 11:12:55.218 [pool-1-thread-1] DEBUG o.e.mapper.MachineMapper.selectById - ==> Parameters: 677(Integer)
2024-12-12 11:12:55.218 [pool-1-thread-1] DEBUG o.e.mapper.MachineMapper.selectById - <==      Total: 0
2024-12-12 11:12:55.219 [pool-1-thread-1] DEBUG o.e.m.ManagementLogMapper.insert - ==>  Preparing: INSERT INTO managementlog (admin_id, operation, detail) VALUES (?, ?, ?)
2024-12-12 11:12:55.219 [pool-1-thread-1] DEBUG o.e.m.ManagementLogMapper.insert - ==> Parameters: null, QUERY_MACHINE(String), 查询机器详情，机器ID: 39(String)
2024-12-12 11:12:55.222 [pool-1-thread-1] DEBUG o.e.m.ManagementLogMapper.insert - <==    Updates: 1
2024-12-12 11:12:55.222 [pool-1-thread-1] DEBUG o.e.mapper.MachineMapper.selectById - ==>  Preparing: SELECT id, zone_id, price, status, online_user_id FROM machines WHERE id = ?
2024-12-12 11:12:55.222 [pool-1-thread-1] DEBUG o.e.mapper.MachineMapper.selectById - ==> Parameters: 39(Integer)
2024-12-12 11:12:55.223 [pool-1-thread-1] DEBUG o.e.mapper.MachineMapper.selectById - <==      Total: 1
2024-12-12 11:12:55.223 [pool-1-thread-1] DEBUG o.e.mapper.UserMapper.selectById - ==>  Preparing: SELECT id, name, identity_card, phone_number, balance, login_password, status, machine_id, last_on_computer_time, last_off_computer_time, register_time FROM users WHERE id = ?
2024-12-12 11:12:55.223 [pool-1-thread-1] DEBUG o.e.mapper.UserMapper.selectById - ==> Parameters: 25(Integer)
2024-12-12 11:12:55.224 [main] DEBUG o.e.m.P.selectPackage_COUNT - ==>  Preparing: SELECT count(0) FROM package WHERE user_id = ?
2024-12-12 11:12:55.224 [main] DEBUG o.e.m.P.selectPackage_COUNT - ==> Parameters: 1(Integer)
2024-12-12 11:12:55.224 [pool-1-thread-1] DEBUG o.e.mapper.UserMapper.selectById - <==      Total: 1
2024-12-12 11:12:55.224 [pool-1-thread-1] DEBUG o.e.m.ManagementLogMapper.insert - ==>  Preparing: INSERT INTO managementlog (admin_id, operation, detail) VALUES (?, ?, ?)
2024-12-12 11:12:55.224 [pool-1-thread-1] DEBUG o.e.m.ManagementLogMapper.insert - ==> Parameters: null, QUERY_MACHINE(String), 查询机器详情，机器ID: 39(String)
2024-12-12 11:12:55.227 [pool-1-thread-1] DEBUG o.e.m.ManagementLogMapper.insert - <==    Updates: 1
2024-12-12 11:12:55.227 [pool-1-thread-1] DEBUG o.e.mapper.MachineMapper.selectById - ==>  Preparing: SELECT id, zone_id, price, status, online_user_id FROM machines WHERE id = ?
2024-12-12 11:12:55.228 [pool-1-thread-1] DEBUG o.e.mapper.MachineMapper.selectById - ==> Parameters: 39(Integer)
2024-12-12 11:12:55.228 [pool-1-thread-1] DEBUG o.e.mapper.MachineMapper.selectById - <==      Total: 1
2024-12-12 11:12:55.228 [main] DEBUG o.e.m.P.selectPackage_COUNT - <==      Total: 1
2024-12-12 11:12:55.228 [pool-1-thread-1] DEBUG o.e.m.ManagementLogMapper.insert - ==>  Preparing: INSERT INTO managementlog (admin_id, operation, detail) VALUES (?, ?, ?)
2024-12-12 11:12:55.230 [pool-1-thread-1] DEBUG o.e.m.ManagementLogMapper.insert - ==> Parameters: null, USER_OPERATION_ERROR(String), 下机失败，余额不足，用户ID: 25, 用户名: User23, 当前余额: 0.00元, 需付费用: 1256600.00元(String)
2024-12-12 11:12:55.230 [main] DEBUG o.e.m.PackageMapper.selectPackage - ==>  Preparing: SELECT * FROM package WHERE user_id = ? LIMIT ?
2024-12-12 11:12:55.231 [main] DEBUG o.e.m.PackageMapper.selectPackage - ==> Parameters: 1(Integer), 10(Integer)
2024-12-12 11:12:55.231 [main] DEBUG o.e.m.PackageMapper.selectPackage - <==      Total: 1
2024-12-12 11:12:55.232 [pool-1-thread-1] DEBUG o.e.m.ManagementLogMapper.insert - <==    Updates: 1
2024-12-12 11:12:55.232 [pool-1-thread-1] DEBUG o.e.mapper.UserLogMapper.insert - ==>  Preparing: INSERT INTO userlog (user_id, operation, detail) VALUES (?, ?, ?)
2024-12-12 11:12:55.233 [pool-1-thread-1] DEBUG o.e.mapper.UserLogMapper.insert - ==> Parameters: 25(Integer), ERROR(String), 强制下机失败：余额不足(String)
2024-12-12 11:12:55.236 [pool-1-thread-1] DEBUG o.e.mapper.UserLogMapper.insert - <==    Updates: 1
2024-12-12 11:12:55.236 [pool-1-thread-1] DEBUG o.e.m.ManagementLogMapper.insert - ==>  Preparing: INSERT INTO managementlog (admin_id, operation, detail) VALUES (?, ?, ?)
2024-12-12 11:12:55.236 [pool-1-thread-1] DEBUG o.e.m.ManagementLogMapper.insert - ==> Parameters: null, QUERY_MACHINE(String), 查询机器详情，机器ID: 372(String)
2024-12-12 11:12:55.238 [pool-1-thread-1] DEBUG o.e.m.ManagementLogMapper.insert - <==    Updates: 1
2024-12-12 11:12:55.239 [pool-1-thread-1] DEBUG o.e.mapper.MachineMapper.selectById - ==>  Preparing: SELECT id, zone_id, price, status, online_user_id FROM machines WHERE id = ?
2024-12-12 11:12:55.239 [pool-1-thread-1] DEBUG o.e.mapper.MachineMapper.selectById - ==> Parameters: 372(Integer)
2024-12-12 11:12:55.239 [pool-1-thread-1] DEBUG o.e.mapper.MachineMapper.selectById - <==      Total: 0
2024-12-12 11:12:55.239 [pool-1-thread-1] DEBUG o.e.m.ManagementLogMapper.insert - ==>  Preparing: INSERT INTO managementlog (admin_id, operation, detail) VALUES (?, ?, ?)
2024-12-12 11:12:55.240 [pool-1-thread-1] DEBUG o.e.m.ManagementLogMapper.insert - ==> Parameters: null, QUERY_MACHINE(String), 查询机器详情，机器ID: 636(String)
2024-12-12 11:12:55.240 [main] INFO  o.s.t.c.t.TransactionContext - Rolled back transaction for test: [DefaultTestContext@2954f6ab testClass = PackageServiceTest, testInstance = org.example.service.PackageServiceTest@58fbd02e, testMethod = testUpdatePackage@PackageServiceTest, testException = [null], mergedContextConfiguration = [MergedContextConfiguration@163042ea testClass = PackageServiceTest, locations = '{classpath:applicationContext.xml, classpath:spring-mvc.xml}', classes = '{}', contextInitializerClasses = '[]', activeProfiles = '{}', propertySourceLocations = '{}', propertySourceProperties = '{}', contextCustomizers = set[[empty]], contextLoader = 'org.springframework.test.context.support.DelegatingSmartContextLoader', parent = [null]], attributes = map['org.springframework.test.context.event.ApplicationEventsTestExecutionListener.recordApplicationEvents' -> false]]
2024-12-12 11:12:55.243 [pool-1-thread-1] DEBUG o.e.m.ManagementLogMapper.insert - <==    Updates: 1
2024-12-12 11:12:55.243 [pool-1-thread-1] DEBUG o.e.mapper.MachineMapper.selectById - ==>  Preparing: SELECT id, zone_id, price, status, online_user_id FROM machines WHERE id = ?
2024-12-12 11:12:55.244 [pool-1-thread-1] DEBUG o.e.mapper.MachineMapper.selectById - ==> Parameters: 636(Integer)
2024-12-12 11:12:55.244 [pool-1-thread-1] DEBUG o.e.mapper.MachineMapper.selectById - <==      Total: 0
2024-12-12 11:12:55.245 [pool-1-thread-1] DEBUG o.e.m.ManagementLogMapper.insert - ==>  Preparing: INSERT INTO managementlog (admin_id, operation, detail) VALUES (?, ?, ?)
2024-12-12 11:12:55.245 [pool-1-thread-1] DEBUG o.e.m.ManagementLogMapper.insert - ==> Parameters: null, QUERY_MACHINE(String), 查询机器详情，机器ID: 723(String)
2024-12-12 11:12:55.246 [main] INFO  o.s.t.c.t.TransactionContext - Began transaction (1) for test context [DefaultTestContext@2954f6ab testClass = PackageServiceTest, testInstance = org.example.service.PackageServiceTest@4091b9c3, testMethod = testAddPackage@PackageServiceTest, testException = [null], mergedContextConfiguration = [MergedContextConfiguration@163042ea testClass = PackageServiceTest, locations = '{classpath:applicationContext.xml, classpath:spring-mvc.xml}', classes = '{}', contextInitializerClasses = '[]', activeProfiles = '{}', propertySourceLocations = '{}', propertySourceProperties = '{}', contextCustomizers = set[[empty]], contextLoader = 'org.springframework.test.context.support.DelegatingSmartContextLoader', parent = [null]], attributes = map['org.springframework.test.context.event.ApplicationEventsTestExecutionListener.recordApplicationEvents' -> false]]; transaction manager [org.springframework.jdbc.datasource.DataSourceTransactionManager@681adc8f]; rollback [true]
2024-12-12 11:12:55.248 [main] DEBUG o.e.m.PackageMapper.insertPackage - ==>  Preparing: INSERT INTO package (user_id, discount, start_time, end_time, admin_id) VALUES (?, ?, ?, ?, ?)
2024-12-12 11:12:55.248 [main] DEBUG o.e.m.PackageMapper.insertPackage - ==> Parameters: 1(Integer), 0.85(BigDecimal), 2024-12-12T11:12:55.248441300(LocalDateTime), 2025-01-11T11:12:55.248441300(LocalDateTime), 1(Integer)
2024-12-12 11:12:55.249 [pool-1-thread-1] DEBUG o.e.m.ManagementLogMapper.insert - <==    Updates: 1
2024-12-12 11:12:55.249 [pool-1-thread-1] DEBUG o.e.mapper.MachineMapper.selectById - ==>  Preparing: SELECT id, zone_id, price, status, online_user_id FROM machines WHERE id = ?
2024-12-12 11:12:55.249 [pool-1-thread-1] DEBUG o.e.mapper.MachineMapper.selectById - ==> Parameters: 723(Integer)
2024-12-12 11:12:55.249 [pool-1-thread-1] DEBUG o.e.mapper.MachineMapper.selectById - <==      Total: 0
2024-12-12 11:12:55.249 [pool-1-thread-1] DEBUG o.e.m.ManagementLogMapper.insert - ==>  Preparing: INSERT INTO managementlog (admin_id, operation, detail) VALUES (?, ?, ?)
2024-12-12 11:12:55.249 [pool-1-thread-1] DEBUG o.e.m.ManagementLogMapper.insert - ==> Parameters: null, QUERY_MACHINE(String), 查询机器详情，机器ID: 187(String)
2024-12-12 11:12:55.251 [pool-1-thread-1] DEBUG o.e.m.ManagementLogMapper.insert - <==    Updates: 1
2024-12-12 11:12:55.253 [pool-1-thread-1] DEBUG o.e.mapper.MachineMapper.selectById - ==>  Preparing: SELECT id, zone_id, price, status, online_user_id FROM machines WHERE id = ?
2024-12-12 11:12:55.253 [pool-1-thread-1] DEBUG o.e.mapper.MachineMapper.selectById - ==> Parameters: 187(Integer)
2024-12-12 11:12:55.253 [pool-1-thread-1] DEBUG o.e.mapper.MachineMapper.selectById - <==      Total: 0
2024-12-12 11:12:55.254 [pool-1-thread-1] DEBUG o.e.m.ManagementLogMapper.insert - ==>  Preparing: INSERT INTO managementlog (admin_id, operation, detail) VALUES (?, ?, ?)
2024-12-12 11:12:55.254 [pool-1-thread-1] DEBUG o.e.m.ManagementLogMapper.insert - ==> Parameters: null, QUERY_MACHINE(String), 查询机器详情，机器ID: 968(String)
2024-12-12 11:12:55.257 [pool-1-thread-1] DEBUG o.e.m.ManagementLogMapper.insert - <==    Updates: 1
2024-12-12 11:12:55.257 [pool-1-thread-1] DEBUG o.e.mapper.MachineMapper.selectById - ==>  Preparing: SELECT id, zone_id, price, status, online_user_id FROM machines WHERE id = ?
2024-12-12 11:12:55.258 [pool-1-thread-1] DEBUG o.e.mapper.MachineMapper.selectById - ==> Parameters: 968(Integer)
2024-12-12 11:12:55.258 [pool-1-thread-1] DEBUG o.e.mapper.MachineMapper.selectById - <==      Total: 0
2024-12-12 11:12:55.259 [pool-1-thread-1] DEBUG o.e.m.ManagementLogMapper.insert - ==>  Preparing: INSERT INTO managementlog (admin_id, operation, detail) VALUES (?, ?, ?)
2024-12-12 11:12:55.259 [pool-1-thread-1] DEBUG o.e.m.ManagementLogMapper.insert - ==> Parameters: null, QUERY_MACHINE(String), 查询机器详情，机器ID: 750(String)
2024-12-12 11:12:55.265 [pool-1-thread-1] DEBUG o.e.m.ManagementLogMapper.insert - <==    Updates: 1
2024-12-12 11:12:55.266 [pool-1-thread-1] DEBUG o.e.mapper.MachineMapper.selectById - ==>  Preparing: SELECT id, zone_id, price, status, online_user_id FROM machines WHERE id = ?
2024-12-12 11:12:55.266 [pool-1-thread-1] DEBUG o.e.mapper.MachineMapper.selectById - ==> Parameters: 750(Integer)
2024-12-12 11:12:55.266 [pool-1-thread-1] DEBUG o.e.mapper.MachineMapper.selectById - <==      Total: 0
2024-12-12 11:12:55.267 [pool-1-thread-1] DEBUG o.e.m.ManagementLogMapper.insert - ==>  Preparing: INSERT INTO managementlog (admin_id, operation, detail) VALUES (?, ?, ?)
2024-12-12 11:12:55.267 [pool-1-thread-1] DEBUG o.e.m.ManagementLogMapper.insert - ==> Parameters: null, QUERY_MACHINE(String), 查询机器详情，机器ID: 362(String)
2024-12-12 11:12:55.270 [pool-1-thread-1] DEBUG o.e.m.ManagementLogMapper.insert - <==    Updates: 1
2024-12-12 11:12:55.271 [pool-1-thread-1] DEBUG o.e.mapper.MachineMapper.selectById - ==>  Preparing: SELECT id, zone_id, price, status, online_user_id FROM machines WHERE id = ?
2024-12-12 11:12:55.271 [pool-1-thread-1] DEBUG o.e.mapper.MachineMapper.selectById - ==> Parameters: 362(Integer)
2024-12-12 11:12:55.272 [pool-1-thread-1] DEBUG o.e.mapper.MachineMapper.selectById - <==      Total: 0
2024-12-12 11:12:55.272 [pool-1-thread-1] DEBUG o.e.m.ManagementLogMapper.insert - ==>  Preparing: INSERT INTO managementlog (admin_id, operation, detail) VALUES (?, ?, ?)
2024-12-12 11:12:55.274 [pool-1-thread-1] DEBUG o.e.m.ManagementLogMapper.insert - ==> Parameters: null, QUERY_MACHINE(String), 查询机器详情，机器ID: 930(String)
2024-12-12 11:12:55.278 [pool-1-thread-1] DEBUG o.e.m.ManagementLogMapper.insert - <==    Updates: 1
2024-12-12 11:12:55.278 [pool-1-thread-1] DEBUG o.e.mapper.MachineMapper.selectById - ==>  Preparing: SELECT id, zone_id, price, status, online_user_id FROM machines WHERE id = ?
2024-12-12 11:12:55.278 [pool-1-thread-1] DEBUG o.e.mapper.MachineMapper.selectById - ==> Parameters: 930(Integer)
2024-12-12 11:12:55.278 [pool-1-thread-1] DEBUG o.e.mapper.MachineMapper.selectById - <==      Total: 0
2024-12-12 11:12:55.278 [pool-1-thread-1] DEBUG o.e.m.ManagementLogMapper.insert - ==>  Preparing: INSERT INTO managementlog (admin_id, operation, detail) VALUES (?, ?, ?)
2024-12-12 11:12:55.280 [pool-1-thread-1] DEBUG o.e.m.ManagementLogMapper.insert - ==> Parameters: null, QUERY_MACHINE(String), 查询机器详情，机器ID: 72(String)
2024-12-12 11:12:55.282 [pool-1-thread-1] DEBUG o.e.m.ManagementLogMapper.insert - <==    Updates: 1
2024-12-12 11:12:55.282 [pool-1-thread-1] DEBUG o.e.mapper.MachineMapper.selectById - ==>  Preparing: SELECT id, zone_id, price, status, online_user_id FROM machines WHERE id = ?
2024-12-12 11:12:55.282 [pool-1-thread-1] DEBUG o.e.mapper.MachineMapper.selectById - ==> Parameters: 72(Integer)
2024-12-12 11:12:55.283 [pool-1-thread-1] DEBUG o.e.mapper.MachineMapper.selectById - <==      Total: 1
2024-12-12 11:12:55.284 [pool-1-thread-1] DEBUG o.e.mapper.UserMapper.selectById - ==>  Preparing: SELECT id, name, identity_card, phone_number, balance, login_password, status, machine_id, last_on_computer_time, last_off_computer_time, register_time FROM users WHERE id = ?
2024-12-12 11:12:55.284 [pool-1-thread-1] DEBUG o.e.mapper.UserMapper.selectById - ==> Parameters: 49(Integer)
2024-12-12 11:12:55.285 [pool-1-thread-1] DEBUG o.e.mapper.UserMapper.selectById - <==      Total: 1
2024-12-12 11:12:55.285 [pool-1-thread-1] DEBUG o.e.m.ManagementLogMapper.insert - ==>  Preparing: INSERT INTO managementlog (admin_id, operation, detail) VALUES (?, ?, ?)
2024-12-12 11:12:55.285 [pool-1-thread-1] DEBUG o.e.m.ManagementLogMapper.insert - ==> Parameters: null, QUERY_MACHINE(String), 查询机器详情，机器ID: 72(String)
2024-12-12 11:12:55.288 [pool-1-thread-1] DEBUG o.e.m.ManagementLogMapper.insert - <==    Updates: 1
2024-12-12 11:12:55.288 [pool-1-thread-1] DEBUG o.e.mapper.MachineMapper.selectById - ==>  Preparing: SELECT id, zone_id, price, status, online_user_id FROM machines WHERE id = ?
2024-12-12 11:12:55.290 [pool-1-thread-1] DEBUG o.e.mapper.MachineMapper.selectById - ==> Parameters: 72(Integer)
2024-12-12 11:12:55.291 [pool-1-thread-1] DEBUG o.e.mapper.MachineMapper.selectById - <==      Total: 1
2024-12-12 11:12:55.292 [pool-1-thread-1] DEBUG o.e.m.ManagementLogMapper.insert - ==>  Preparing: INSERT INTO managementlog (admin_id, operation, detail) VALUES (?, ?, ?)
2024-12-12 11:12:55.292 [pool-1-thread-1] DEBUG o.e.m.ManagementLogMapper.insert - ==> Parameters: null, USER_OPERATION_ERROR(String), 下机失败，余额不足，用户ID: 49, 用户名: User706, 当前余额: 0.00元, 需付费用: 353340.00元(String)
2024-12-12 11:12:55.295 [pool-1-thread-1] DEBUG o.e.m.ManagementLogMapper.insert - <==    Updates: 1
2024-12-12 11:12:55.295 [pool-1-thread-1] DEBUG o.e.mapper.UserLogMapper.insert - ==>  Preparing: INSERT INTO userlog (user_id, operation, detail) VALUES (?, ?, ?)
2024-12-12 11:12:55.296 [pool-1-thread-1] DEBUG o.e.mapper.UserLogMapper.insert - ==> Parameters: 49(Integer), ERROR(String), 强制下机失败：余额不足(String)
2024-12-12 11:12:55.297 [main] INFO  o.s.t.c.t.TransactionContext - Rolled back transaction for test: [DefaultTestContext@2954f6ab testClass = PackageServiceTest, testInstance = org.example.service.PackageServiceTest@4091b9c3, testMethod = testAddPackage@PackageServiceTest, testException = org.springframework.dao.DuplicateKeyException: 
### Error updating database.  Cause: java.sql.SQLIntegrityConstraintViolationException: Duplicate entry '1' for key 'PRIMARY'
### The error may exist in file [D:\Desktop\BaiduSyncdisk\Workspace\SpringProjects\CyberBarCommand\target\classes\mapper\PackageMapper.xml]
### The error may involve org.example.mapper.PackageMapper.insertPackage-Inline
### The error occurred while setting parameters
### SQL: INSERT INTO package (user_id, discount, start_time, end_time, admin_id)         VALUES (?, ?, ?, ?, ?)
### Cause: java.sql.SQLIntegrityConstraintViolationException: Duplicate entry '1' for key 'PRIMARY'
; Duplicate entry '1' for key 'PRIMARY'; nested exception is java.sql.SQLIntegrityConstraintViolationException: Duplicate entry '1' for key 'PRIMARY', mergedContextConfiguration = [MergedContextConfiguration@163042ea testClass = PackageServiceTest, locations = '{classpath:applicationContext.xml, classpath:spring-mvc.xml}', classes = '{}', contextInitializerClasses = '[]', activeProfiles = '{}', propertySourceLocations = '{}', propertySourceProperties = '{}', contextCustomizers = set[[empty]], contextLoader = 'org.springframework.test.context.support.DelegatingSmartContextLoader', parent = [null]], attributes = map['org.springframework.test.context.event.ApplicationEventsTestExecutionListener.recordApplicationEvents' -> false]]
2024-12-12 11:12:55.299 [pool-1-thread-1] DEBUG o.e.mapper.UserLogMapper.insert - <==    Updates: 1
2024-12-12 11:12:55.300 [pool-1-thread-1] DEBUG o.e.m.ManagementLogMapper.insert - ==>  Preparing: INSERT INTO managementlog (admin_id, operation, detail) VALUES (?, ?, ?)
2024-12-12 11:12:55.300 [pool-1-thread-1] DEBUG o.e.m.ManagementLogMapper.insert - ==> Parameters: null, QUERY_MACHINE(String), 查询机器详情，机器ID: 519(String)
2024-12-12 11:12:55.303 [pool-1-thread-1] DEBUG o.e.m.ManagementLogMapper.insert - <==    Updates: 1
2024-12-12 11:12:55.304 [pool-1-thread-1] DEBUG o.e.mapper.MachineMapper.selectById - ==>  Preparing: SELECT id, zone_id, price, status, online_user_id FROM machines WHERE id = ?
2024-12-12 11:12:55.304 [pool-1-thread-1] DEBUG o.e.mapper.MachineMapper.selectById - ==> Parameters: 519(Integer)
2024-12-12 11:12:55.305 [pool-1-thread-1] DEBUG o.e.mapper.MachineMapper.selectById - <==      Total: 0
2024-12-12 11:12:55.306 [pool-1-thread-1] DEBUG o.e.m.ManagementLogMapper.insert - ==>  Preparing: INSERT INTO managementlog (admin_id, operation, detail) VALUES (?, ?, ?)
2024-12-12 11:12:55.306 [pool-1-thread-1] DEBUG o.e.m.ManagementLogMapper.insert - ==> Parameters: null, QUERY_MACHINE(String), 查询机器详情，机器ID: 170(String)
2024-12-12 11:12:55.308 [main] INFO  o.s.t.c.t.TransactionContext - Began transaction (1) for test context [DefaultTestContext@2954f6ab testClass = PackageServiceTest, testInstance = org.example.service.PackageServiceTest@51f18e31, testMethod = testDeletePackage@PackageServiceTest, testException = [null], mergedContextConfiguration = [MergedContextConfiguration@163042ea testClass = PackageServiceTest, locations = '{classpath:applicationContext.xml, classpath:spring-mvc.xml}', classes = '{}', contextInitializerClasses = '[]', activeProfiles = '{}', propertySourceLocations = '{}', propertySourceProperties = '{}', contextCustomizers = set[[empty]], contextLoader = 'org.springframework.test.context.support.DelegatingSmartContextLoader', parent = [null]], attributes = map['org.springframework.test.context.event.ApplicationEventsTestExecutionListener.recordApplicationEvents' -> false]]; transaction manager [org.springframework.jdbc.datasource.DataSourceTransactionManager@681adc8f]; rollback [true]
2024-12-12 11:12:55.308 [main] DEBUG o.e.m.PackageMapper.insertPackage - ==>  Preparing: INSERT INTO package (user_id, discount, start_time, end_time, admin_id) VALUES (?, ?, ?, ?, ?)
2024-12-12 11:12:55.309 [main] DEBUG o.e.m.PackageMapper.insertPackage - ==> Parameters: 1(Integer), 0.85(BigDecimal), 2024-12-12T11:12:55.308755300(LocalDateTime), 2025-01-11T11:12:55.308755300(LocalDateTime), 1(Integer)
2024-12-12 11:12:55.309 [pool-1-thread-1] DEBUG o.e.m.ManagementLogMapper.insert - <==    Updates: 1
2024-12-12 11:12:55.309 [pool-1-thread-1] DEBUG o.e.mapper.MachineMapper.selectById - ==>  Preparing: SELECT id, zone_id, price, status, online_user_id FROM machines WHERE id = ?
2024-12-12 11:12:55.309 [pool-1-thread-1] DEBUG o.e.mapper.MachineMapper.selectById - ==> Parameters: 170(Integer)
2024-12-12 11:12:55.310 [pool-1-thread-1] DEBUG o.e.mapper.MachineMapper.selectById - <==      Total: 0
2024-12-12 11:12:55.311 [pool-1-thread-1] DEBUG o.e.m.ManagementLogMapper.insert - ==>  Preparing: INSERT INTO managementlog (admin_id, operation, detail) VALUES (?, ?, ?)
2024-12-12 11:12:55.311 [pool-1-thread-1] DEBUG o.e.m.ManagementLogMapper.insert - ==> Parameters: null, QUERY_MACHINE(String), 查询机器详情，机器ID: 473(String)
2024-12-12 11:12:55.314 [main] INFO  o.s.t.c.t.TransactionContext - Rolled back transaction for test: [DefaultTestContext@2954f6ab testClass = PackageServiceTest, testInstance = org.example.service.PackageServiceTest@51f18e31, testMethod = testDeletePackage@PackageServiceTest, testException = org.springframework.dao.DuplicateKeyException: 
### Error updating database.  Cause: java.sql.SQLIntegrityConstraintViolationException: Duplicate entry '1' for key 'PRIMARY'
### The error may exist in file [D:\Desktop\BaiduSyncdisk\Workspace\SpringProjects\CyberBarCommand\target\classes\mapper\PackageMapper.xml]
### The error may involve org.example.mapper.PackageMapper.insertPackage-Inline
### The error occurred while setting parameters
### SQL: INSERT INTO package (user_id, discount, start_time, end_time, admin_id)         VALUES (?, ?, ?, ?, ?)
### Cause: java.sql.SQLIntegrityConstraintViolationException: Duplicate entry '1' for key 'PRIMARY'
; Duplicate entry '1' for key 'PRIMARY'; nested exception is java.sql.SQLIntegrityConstraintViolationException: Duplicate entry '1' for key 'PRIMARY', mergedContextConfiguration = [MergedContextConfiguration@163042ea testClass = PackageServiceTest, locations = '{classpath:applicationContext.xml, classpath:spring-mvc.xml}', classes = '{}', contextInitializerClasses = '[]', activeProfiles = '{}', propertySourceLocations = '{}', propertySourceProperties = '{}', contextCustomizers = set[[empty]], contextLoader = 'org.springframework.test.context.support.DelegatingSmartContextLoader', parent = [null]], attributes = map['org.springframework.test.context.event.ApplicationEventsTestExecutionListener.recordApplicationEvents' -> false]]
2024-12-12 11:12:55.315 [pool-1-thread-1] DEBUG o.e.m.ManagementLogMapper.insert - <==    Updates: 1
2024-12-12 11:12:55.315 [pool-1-thread-1] DEBUG o.e.mapper.MachineMapper.selectById - ==>  Preparing: SELECT id, zone_id, price, status, online_user_id FROM machines WHERE id = ?
2024-12-12 11:12:55.315 [pool-1-thread-1] DEBUG o.e.mapper.MachineMapper.selectById - ==> Parameters: 473(Integer)
2024-12-12 11:12:55.316 [pool-1-thread-1] DEBUG o.e.mapper.MachineMapper.selectById - <==      Total: 0
2024-12-12 11:12:55.317 [pool-1-thread-1] DEBUG o.e.m.ManagementLogMapper.insert - ==>  Preparing: INSERT INTO managementlog (admin_id, operation, detail) VALUES (?, ?, ?)
2024-12-12 11:12:55.317 [pool-1-thread-1] DEBUG o.e.m.ManagementLogMapper.insert - ==> Parameters: null, QUERY_MACHINE(String), 查询机器详情，机器ID: 596(String)
2024-12-12 11:12:55.320 [pool-1-thread-1] DEBUG o.e.m.ManagementLogMapper.insert - <==    Updates: 1
2024-12-12 11:12:55.320 [pool-1-thread-1] DEBUG o.e.mapper.MachineMapper.selectById - ==>  Preparing: SELECT id, zone_id, price, status, online_user_id FROM machines WHERE id = ?
2024-12-12 11:12:55.320 [main] INFO  o.s.t.c.t.TransactionContext - Began transaction (1) for test context [DefaultTestContext@2954f6ab testClass = PackageServiceTest, testInstance = org.example.service.PackageServiceTest@5503de1, testMethod = testQueryPackage@PackageServiceTest, testException = [null], mergedContextConfiguration = [MergedContextConfiguration@163042ea testClass = PackageServiceTest, locations = '{classpath:applicationContext.xml, classpath:spring-mvc.xml}', classes = '{}', contextInitializerClasses = '[]', activeProfiles = '{}', propertySourceLocations = '{}', propertySourceProperties = '{}', contextCustomizers = set[[empty]], contextLoader = 'org.springframework.test.context.support.DelegatingSmartContextLoader', parent = [null]], attributes = map['org.springframework.test.context.event.ApplicationEventsTestExecutionListener.recordApplicationEvents' -> false]]; transaction manager [org.springframework.jdbc.datasource.DataSourceTransactionManager@681adc8f]; rollback [true]
2024-12-12 11:12:55.321 [pool-1-thread-1] DEBUG o.e.mapper.MachineMapper.selectById - ==> Parameters: 596(Integer)
2024-12-12 11:12:55.321 [main] DEBUG o.e.m.PackageMapper.insertPackage - ==>  Preparing: INSERT INTO package (user_id, discount, start_time, end_time, admin_id) VALUES (?, ?, ?, ?, ?)
2024-12-12 11:12:55.322 [main] DEBUG o.e.m.PackageMapper.insertPackage - ==> Parameters: 1(Integer), 0.85(BigDecimal), 2024-12-12T11:12:55.321268200(LocalDateTime), 2025-01-11T11:12:55.321268200(LocalDateTime), 1(Integer)
2024-12-12 11:12:55.322 [pool-1-thread-1] DEBUG o.e.mapper.MachineMapper.selectById - <==      Total: 0
2024-12-12 11:12:55.322 [pool-1-thread-1] DEBUG o.e.m.ManagementLogMapper.insert - ==>  Preparing: INSERT INTO managementlog (admin_id, operation, detail) VALUES (?, ?, ?)
2024-12-12 11:12:55.322 [pool-1-thread-1] DEBUG o.e.m.ManagementLogMapper.insert - ==> Parameters: null, QUERY_MACHINE(String), 查询机器详情，机器ID: 295(String)
2024-12-12 11:12:55.325 [pool-1-thread-1] DEBUG o.e.m.ManagementLogMapper.insert - <==    Updates: 1
2024-12-12 11:12:55.325 [pool-1-thread-1] DEBUG o.e.mapper.MachineMapper.selectById - ==>  Preparing: SELECT id, zone_id, price, status, online_user_id FROM machines WHERE id = ?
2024-12-12 11:12:55.325 [pool-1-thread-1] DEBUG o.e.mapper.MachineMapper.selectById - ==> Parameters: 295(Integer)
2024-12-12 11:12:55.325 [main] INFO  o.s.t.c.t.TransactionContext - Rolled back transaction for test: [DefaultTestContext@2954f6ab testClass = PackageServiceTest, testInstance = org.example.service.PackageServiceTest@5503de1, testMethod = testQueryPackage@PackageServiceTest, testException = org.springframework.dao.DuplicateKeyException: 
### Error updating database.  Cause: java.sql.SQLIntegrityConstraintViolationException: Duplicate entry '1' for key 'PRIMARY'
### The error may exist in file [D:\Desktop\BaiduSyncdisk\Workspace\SpringProjects\CyberBarCommand\target\classes\mapper\PackageMapper.xml]
### The error may involve org.example.mapper.PackageMapper.insertPackage-Inline
### The error occurred while setting parameters
### SQL: INSERT INTO package (user_id, discount, start_time, end_time, admin_id)         VALUES (?, ?, ?, ?, ?)
### Cause: java.sql.SQLIntegrityConstraintViolationException: Duplicate entry '1' for key 'PRIMARY'
; Duplicate entry '1' for key 'PRIMARY'; nested exception is java.sql.SQLIntegrityConstraintViolationException: Duplicate entry '1' for key 'PRIMARY', mergedContextConfiguration = [MergedContextConfiguration@163042ea testClass = PackageServiceTest, locations = '{classpath:applicationContext.xml, classpath:spring-mvc.xml}', classes = '{}', contextInitializerClasses = '[]', activeProfiles = '{}', propertySourceLocations = '{}', propertySourceProperties = '{}', contextCustomizers = set[[empty]], contextLoader = 'org.springframework.test.context.support.DelegatingSmartContextLoader', parent = [null]], attributes = map['org.springframework.test.context.event.ApplicationEventsTestExecutionListener.recordApplicationEvents' -> false]]
2024-12-12 11:12:55.326 [pool-1-thread-1] DEBUG o.e.mapper.MachineMapper.selectById - <==      Total: 0
2024-12-12 11:12:55.326 [pool-1-thread-1] DEBUG o.e.m.ManagementLogMapper.insert - ==>  Preparing: INSERT INTO managementlog (admin_id, operation, detail) VALUES (?, ?, ?)
2024-12-12 11:12:55.327 [pool-1-thread-1] DEBUG o.e.m.ManagementLogMapper.insert - ==> Parameters: null, QUERY_MACHINE(String), 查询机器详情，机器ID: 714(String)
2024-12-12 11:12:55.329 [pool-1-thread-1] DEBUG o.e.m.ManagementLogMapper.insert - <==    Updates: 1
2024-12-12 11:12:55.330 [pool-1-thread-1] DEBUG o.e.mapper.MachineMapper.selectById - ==>  Preparing: SELECT id, zone_id, price, status, online_user_id FROM machines WHERE id = ?
2024-12-12 11:12:55.330 [pool-1-thread-1] DEBUG o.e.mapper.MachineMapper.selectById - ==> Parameters: 714(Integer)
2024-12-12 11:12:55.331 [pool-1-thread-1] DEBUG o.e.mapper.MachineMapper.selectById - <==      Total: 0
2024-12-12 11:12:55.331 [pool-1-thread-1] DEBUG o.e.m.ManagementLogMapper.insert - ==>  Preparing: INSERT INTO managementlog (admin_id, operation, detail) VALUES (?, ?, ?)
2024-12-12 11:12:55.332 [pool-1-thread-1] DEBUG o.e.m.ManagementLogMapper.insert - ==> Parameters: null, QUERY_MACHINE(String), 查询机器详情，机器ID: 535(String)
2024-12-12 11:12:55.335 [pool-1-thread-1] DEBUG o.e.m.ManagementLogMapper.insert - <==    Updates: 1
2024-12-12 11:12:55.336 [pool-1-thread-1] DEBUG o.e.mapper.MachineMapper.selectById - ==>  Preparing: SELECT id, zone_id, price, status, online_user_id FROM machines WHERE id = ?
2024-12-12 11:12:55.336 [pool-1-thread-1] DEBUG o.e.mapper.MachineMapper.selectById - ==> Parameters: 535(Integer)
2024-12-12 11:12:55.336 [pool-1-thread-1] DEBUG o.e.mapper.MachineMapper.selectById - <==      Total: 0
2024-12-12 11:12:55.337 [pool-1-thread-1] DEBUG o.e.m.ManagementLogMapper.insert - ==>  Preparing: INSERT INTO managementlog (admin_id, operation, detail) VALUES (?, ?, ?)
2024-12-12 11:12:55.337 [pool-1-thread-1] DEBUG o.e.m.ManagementLogMapper.insert - ==> Parameters: null, QUERY_MACHINE(String), 查询机器详情，机器ID: 827(String)
2024-12-12 11:12:55.339 [pool-1-thread-1] DEBUG o.e.m.ManagementLogMapper.insert - <==    Updates: 1
2024-12-12 11:12:55.340 [pool-1-thread-1] DEBUG o.e.mapper.MachineMapper.selectById - ==>  Preparing: SELECT id, zone_id, price, status, online_user_id FROM machines WHERE id = ?
2024-12-12 11:12:55.340 [pool-1-thread-1] DEBUG o.e.mapper.MachineMapper.selectById - ==> Parameters: 827(Integer)
2024-12-12 11:12:55.342 [pool-1-thread-1] DEBUG o.e.mapper.MachineMapper.selectById - <==      Total: 0
2024-12-12 11:12:55.342 [pool-1-thread-1] DEBUG o.e.m.ManagementLogMapper.insert - ==>  Preparing: INSERT INTO managementlog (admin_id, operation, detail) VALUES (?, ?, ?)
2024-12-12 11:12:55.342 [pool-1-thread-1] DEBUG o.e.m.ManagementLogMapper.insert - ==> Parameters: null, QUERY_MACHINE(String), 查询机器详情，机器ID: 3(String)
2024-12-12 11:12:55.344 [pool-1-thread-1] DEBUG o.e.m.ManagementLogMapper.insert - <==    Updates: 1
2024-12-12 11:12:55.345 [pool-1-thread-1] DEBUG o.e.mapper.MachineMapper.selectById - ==>  Preparing: SELECT id, zone_id, price, status, online_user_id FROM machines WHERE id = ?
2024-12-12 11:12:55.345 [pool-1-thread-1] DEBUG o.e.mapper.MachineMapper.selectById - ==> Parameters: 3(Integer)
2024-12-12 11:12:55.346 [pool-1-thread-1] DEBUG o.e.mapper.MachineMapper.selectById - <==      Total: 1
2024-12-12 11:12:55.346 [pool-1-thread-1] DEBUG o.e.mapper.UserMapper.selectById - ==>  Preparing: SELECT id, name, identity_card, phone_number, balance, login_password, status, machine_id, last_on_computer_time, last_off_computer_time, register_time FROM users WHERE id = ?
2024-12-12 11:12:55.346 [pool-1-thread-1] DEBUG o.e.mapper.UserMapper.selectById - ==> Parameters: 79(Integer)
2024-12-12 11:12:55.347 [pool-1-thread-1] DEBUG o.e.mapper.UserMapper.selectById - <==      Total: 1
2024-12-12 11:12:55.347 [pool-1-thread-1] DEBUG o.e.m.ManagementLogMapper.insert - ==>  Preparing: INSERT INTO managementlog (admin_id, operation, detail) VALUES (?, ?, ?)
2024-12-12 11:12:55.348 [pool-1-thread-1] DEBUG o.e.m.ManagementLogMapper.insert - ==> Parameters: null, QUERY_MACHINE(String), 查询机器详情，机器ID: 3(String)
2024-12-12 11:12:55.350 [pool-1-thread-1] DEBUG o.e.m.ManagementLogMapper.insert - <==    Updates: 1
2024-12-12 11:12:55.350 [pool-1-thread-1] DEBUG o.e.mapper.MachineMapper.selectById - ==>  Preparing: SELECT id, zone_id, price, status, online_user_id FROM machines WHERE id = ?
2024-12-12 11:12:55.350 [pool-1-thread-1] DEBUG o.e.mapper.MachineMapper.selectById - ==> Parameters: 3(Integer)
2024-12-12 11:12:55.352 [pool-1-thread-1] DEBUG o.e.mapper.MachineMapper.selectById - <==      Total: 1
2024-12-12 11:12:55.352 [pool-1-thread-1] DEBUG o.e.m.ManagementLogMapper.insert - ==>  Preparing: INSERT INTO managementlog (admin_id, operation, detail) VALUES (?, ?, ?)
2024-12-12 11:12:55.352 [pool-1-thread-1] DEBUG o.e.m.ManagementLogMapper.insert - ==> Parameters: null, USER_OPERATION_ERROR(String), 下机失败，余额不足，用户ID: 79, 用户名: User147, 当前余额: 0.00元, 需付费用: 47000.00元(String)
2024-12-12 11:12:55.355 [pool-1-thread-1] DEBUG o.e.m.ManagementLogMapper.insert - <==    Updates: 1
2024-12-12 11:12:55.355 [pool-1-thread-1] DEBUG o.e.mapper.UserLogMapper.insert - ==>  Preparing: INSERT INTO userlog (user_id, operation, detail) VALUES (?, ?, ?)
2024-12-12 11:12:55.355 [pool-1-thread-1] DEBUG o.e.mapper.UserLogMapper.insert - ==> Parameters: 79(Integer), ERROR(String), 强制下机失败：余额不足(String)
2024-12-12 11:12:55.359 [pool-1-thread-1] DEBUG o.e.mapper.UserLogMapper.insert - <==    Updates: 1
2024-12-12 11:12:55.359 [pool-1-thread-1] DEBUG o.e.m.ManagementLogMapper.insert - ==>  Preparing: INSERT INTO managementlog (admin_id, operation, detail) VALUES (?, ?, ?)
2024-12-12 11:12:55.360 [pool-1-thread-1] DEBUG o.e.m.ManagementLogMapper.insert - ==> Parameters: null, QUERY_MACHINE(String), 查询机器详情，机器ID: 288(String)
2024-12-12 11:12:55.361 [pool-1-thread-1] DEBUG o.e.m.ManagementLogMapper.insert - <==    Updates: 1
2024-12-12 11:12:55.363 [pool-1-thread-1] DEBUG o.e.mapper.MachineMapper.selectById - ==>  Preparing: SELECT id, zone_id, price, status, online_user_id FROM machines WHERE id = ?
2024-12-12 11:12:55.363 [pool-1-thread-1] DEBUG o.e.mapper.MachineMapper.selectById - ==> Parameters: 288(Integer)
2024-12-12 11:12:55.364 [pool-1-thread-1] DEBUG o.e.mapper.MachineMapper.selectById - <==      Total: 0
2024-12-12 11:12:55.364 [pool-1-thread-1] DEBUG o.e.m.ManagementLogMapper.insert - ==>  Preparing: INSERT INTO managementlog (admin_id, operation, detail) VALUES (?, ?, ?)
2024-12-12 11:12:55.364 [pool-1-thread-1] DEBUG o.e.m.ManagementLogMapper.insert - ==> Parameters: null, QUERY_MACHINE(String), 查询机器详情，机器ID: 220(String)
2024-12-12 11:12:55.367 [pool-1-thread-1] DEBUG o.e.m.ManagementLogMapper.insert - <==    Updates: 1
2024-12-12 11:12:55.367 [pool-1-thread-1] DEBUG o.e.mapper.MachineMapper.selectById - ==>  Preparing: SELECT id, zone_id, price, status, online_user_id FROM machines WHERE id = ?
2024-12-12 11:12:55.367 [pool-1-thread-1] DEBUG o.e.mapper.MachineMapper.selectById - ==> Parameters: 220(Integer)
2024-12-12 11:12:55.369 [pool-1-thread-1] DEBUG o.e.mapper.MachineMapper.selectById - <==      Total: 0
2024-12-12 11:12:55.370 [pool-1-thread-1] DEBUG o.e.m.ManagementLogMapper.insert - ==>  Preparing: INSERT INTO managementlog (admin_id, operation, detail) VALUES (?, ?, ?)
2024-12-12 11:12:55.370 [pool-1-thread-1] DEBUG o.e.m.ManagementLogMapper.insert - ==> Parameters: null, QUERY_MACHINE(String), 查询机器详情，机器ID: 598(String)
2024-12-12 11:12:55.373 [pool-1-thread-1] DEBUG o.e.m.ManagementLogMapper.insert - <==    Updates: 1
2024-12-12 11:12:55.373 [pool-1-thread-1] DEBUG o.e.mapper.MachineMapper.selectById - ==>  Preparing: SELECT id, zone_id, price, status, online_user_id FROM machines WHERE id = ?
2024-12-12 11:12:55.373 [pool-1-thread-1] DEBUG o.e.mapper.MachineMapper.selectById - ==> Parameters: 598(Integer)
2024-12-12 11:12:55.374 [pool-1-thread-1] DEBUG o.e.mapper.MachineMapper.selectById - <==      Total: 0
2024-12-12 11:12:55.374 [pool-1-thread-1] DEBUG o.e.m.ManagementLogMapper.insert - ==>  Preparing: INSERT INTO managementlog (admin_id, operation, detail) VALUES (?, ?, ?)
2024-12-12 11:12:55.375 [pool-1-thread-1] DEBUG o.e.m.ManagementLogMapper.insert - ==> Parameters: null, QUERY_MACHINE(String), 查询机器详情，机器ID: 3(String)
2024-12-12 11:12:55.377 [pool-1-thread-1] DEBUG o.e.m.ManagementLogMapper.insert - <==    Updates: 1
2024-12-12 11:12:55.378 [pool-1-thread-1] DEBUG o.e.mapper.MachineMapper.selectById - ==>  Preparing: SELECT id, zone_id, price, status, online_user_id FROM machines WHERE id = ?
2024-12-12 11:12:55.378 [pool-1-thread-1] DEBUG o.e.mapper.MachineMapper.selectById - ==> Parameters: 3(Integer)
2024-12-12 11:12:55.378 [pool-1-thread-1] DEBUG o.e.mapper.MachineMapper.selectById - <==      Total: 1
2024-12-12 11:12:55.379 [pool-1-thread-1] DEBUG o.e.mapper.UserMapper.selectById - ==>  Preparing: SELECT id, name, identity_card, phone_number, balance, login_password, status, machine_id, last_on_computer_time, last_off_computer_time, register_time FROM users WHERE id = ?
2024-12-12 11:12:55.379 [pool-1-thread-1] DEBUG o.e.mapper.UserMapper.selectById - ==> Parameters: 99(Integer)
2024-12-12 11:12:55.379 [pool-1-thread-1] DEBUG o.e.mapper.UserMapper.selectById - <==      Total: 1
2024-12-12 11:12:55.381 [pool-1-thread-1] DEBUG o.e.m.ManagementLogMapper.insert - ==>  Preparing: INSERT INTO managementlog (admin_id, operation, detail) VALUES (?, ?, ?)
2024-12-12 11:12:55.381 [pool-1-thread-1] DEBUG o.e.m.ManagementLogMapper.insert - ==> Parameters: null, QUERY_MACHINE(String), 查询机器详情，机器ID: 3(String)
2024-12-12 11:12:55.383 [pool-1-thread-1] DEBUG o.e.m.ManagementLogMapper.insert - <==    Updates: 1
2024-12-12 11:12:55.384 [pool-1-thread-1] DEBUG o.e.mapper.MachineMapper.selectById - ==>  Preparing: SELECT id, zone_id, price, status, online_user_id FROM machines WHERE id = ?
2024-12-12 11:12:55.384 [pool-1-thread-1] DEBUG o.e.mapper.MachineMapper.selectById - ==> Parameters: 3(Integer)
2024-12-12 11:12:55.386 [pool-1-thread-1] DEBUG o.e.mapper.MachineMapper.selectById - <==      Total: 1
2024-12-12 11:12:55.386 [pool-1-thread-1] DEBUG o.e.m.ManagementLogMapper.insert - ==>  Preparing: INSERT INTO managementlog (admin_id, operation, detail) VALUES (?, ?, ?)
2024-12-12 11:12:55.386 [pool-1-thread-1] DEBUG o.e.m.ManagementLogMapper.insert - ==> Parameters: null, USER_OPERATION_ERROR(String), 下机失败，余额不足，用户ID: 99, 用户名: User27, 当前余额: 0.00元, 需付费用: 1357400.00元(String)
2024-12-12 11:12:55.389 [pool-1-thread-1] DEBUG o.e.m.ManagementLogMapper.insert - <==    Updates: 1
2024-12-12 11:12:55.389 [pool-1-thread-1] DEBUG o.e.mapper.UserLogMapper.insert - ==>  Preparing: INSERT INTO userlog (user_id, operation, detail) VALUES (?, ?, ?)
2024-12-12 11:12:55.390 [pool-1-thread-1] DEBUG o.e.mapper.UserLogMapper.insert - ==> Parameters: 99(Integer), ERROR(String), 强制下机失败：余额不足(String)
2024-12-12 11:12:55.392 [pool-1-thread-1] DEBUG o.e.mapper.UserLogMapper.insert - <==    Updates: 1
2024-12-12 11:12:55.393 [pool-1-thread-1] DEBUG o.e.m.ManagementLogMapper.insert - ==>  Preparing: INSERT INTO managementlog (admin_id, operation, detail) VALUES (?, ?, ?)
2024-12-12 11:12:55.393 [pool-1-thread-1] DEBUG o.e.m.ManagementLogMapper.insert - ==> Parameters: null, QUERY_MACHINE(String), 查询机器详情，机器ID: 897(String)
2024-12-12 11:12:55.396 [pool-1-thread-1] DEBUG o.e.m.ManagementLogMapper.insert - <==    Updates: 1
2024-12-12 11:12:55.396 [pool-1-thread-1] DEBUG o.e.mapper.MachineMapper.selectById - ==>  Preparing: SELECT id, zone_id, price, status, online_user_id FROM machines WHERE id = ?
2024-12-12 11:12:55.396 [pool-1-thread-1] DEBUG o.e.mapper.MachineMapper.selectById - ==> Parameters: 897(Integer)
2024-12-12 11:12:55.398 [pool-1-thread-1] DEBUG o.e.mapper.MachineMapper.selectById - <==      Total: 0
2024-12-12 11:12:55.398 [pool-1-thread-1] DEBUG o.e.m.ManagementLogMapper.insert - ==>  Preparing: INSERT INTO managementlog (admin_id, operation, detail) VALUES (?, ?, ?)
2024-12-12 11:12:55.398 [pool-1-thread-1] DEBUG o.e.m.ManagementLogMapper.insert - ==> Parameters: null, QUERY_MACHINE(String), 查询机器详情，机器ID: 104(String)
2024-12-12 11:12:55.400 [pool-1-thread-1] DEBUG o.e.m.ManagementLogMapper.insert - <==    Updates: 1
2024-12-12 11:12:55.400 [pool-1-thread-1] DEBUG o.e.mapper.MachineMapper.selectById - ==>  Preparing: SELECT id, zone_id, price, status, online_user_id FROM machines WHERE id = ?
2024-12-12 11:12:55.401 [pool-1-thread-1] DEBUG o.e.mapper.MachineMapper.selectById - ==> Parameters: 104(Integer)
2024-12-12 11:12:55.401 [pool-1-thread-1] DEBUG o.e.mapper.MachineMapper.selectById - <==      Total: 0
2024-12-12 11:12:55.401 [pool-1-thread-1] DEBUG o.e.m.ManagementLogMapper.insert - ==>  Preparing: INSERT INTO managementlog (admin_id, operation, detail) VALUES (?, ?, ?)
2024-12-12 11:12:55.402 [pool-1-thread-1] DEBUG o.e.m.ManagementLogMapper.insert - ==> Parameters: null, QUERY_MACHINE(String), 查询机器详情，机器ID: 303(String)
2024-12-12 11:12:55.404 [pool-1-thread-1] DEBUG o.e.m.ManagementLogMapper.insert - <==    Updates: 1
2024-12-12 11:12:55.404 [pool-1-thread-1] DEBUG o.e.mapper.MachineMapper.selectById - ==>  Preparing: SELECT id, zone_id, price, status, online_user_id FROM machines WHERE id = ?
2024-12-12 11:12:55.405 [pool-1-thread-1] DEBUG o.e.mapper.MachineMapper.selectById - ==> Parameters: 303(Integer)
2024-12-12 11:12:55.405 [pool-1-thread-1] DEBUG o.e.mapper.MachineMapper.selectById - <==      Total: 0
2024-12-12 11:12:55.405 [pool-1-thread-1] DEBUG o.e.m.ManagementLogMapper.insert - ==>  Preparing: INSERT INTO managementlog (admin_id, operation, detail) VALUES (?, ?, ?)
2024-12-12 11:12:55.406 [pool-1-thread-1] DEBUG o.e.m.ManagementLogMapper.insert - ==> Parameters: null, QUERY_MACHINE(String), 查询机器详情，机器ID: 691(String)
2024-12-12 11:12:55.408 [pool-1-thread-1] DEBUG o.e.m.ManagementLogMapper.insert - <==    Updates: 1
2024-12-12 11:12:55.408 [pool-1-thread-1] DEBUG o.e.mapper.MachineMapper.selectById - ==>  Preparing: SELECT id, zone_id, price, status, online_user_id FROM machines WHERE id = ?
2024-12-12 11:12:55.408 [pool-1-thread-1] DEBUG o.e.mapper.MachineMapper.selectById - ==> Parameters: 691(Integer)
2024-12-12 11:12:55.409 [pool-1-thread-1] DEBUG o.e.mapper.MachineMapper.selectById - <==      Total: 0
2024-12-12 11:12:55.409 [pool-1-thread-1] DEBUG o.e.m.ManagementLogMapper.insert - ==>  Preparing: INSERT INTO managementlog (admin_id, operation, detail) VALUES (?, ?, ?)
2024-12-12 11:12:55.409 [pool-1-thread-1] DEBUG o.e.m.ManagementLogMapper.insert - ==> Parameters: null, QUERY_MACHINE(String), 查询机器详情，机器ID: 998(String)
2024-12-12 11:12:55.412 [pool-1-thread-1] DEBUG o.e.m.ManagementLogMapper.insert - <==    Updates: 1
2024-12-12 11:12:55.412 [pool-1-thread-1] DEBUG o.e.mapper.MachineMapper.selectById - ==>  Preparing: SELECT id, zone_id, price, status, online_user_id FROM machines WHERE id = ?
2024-12-12 11:12:55.412 [pool-1-thread-1] DEBUG o.e.mapper.MachineMapper.selectById - ==> Parameters: 998(Integer)
2024-12-12 11:12:55.413 [pool-1-thread-1] DEBUG o.e.mapper.MachineMapper.selectById - <==      Total: 0
2024-12-12 11:12:55.413 [pool-1-thread-1] DEBUG o.e.m.ManagementLogMapper.insert - ==>  Preparing: INSERT INTO managementlog (admin_id, operation, detail) VALUES (?, ?, ?)
2024-12-12 11:12:55.413 [pool-1-thread-1] DEBUG o.e.m.ManagementLogMapper.insert - ==> Parameters: null, QUERY_MACHINE(String), 查询机器详情，机器ID: 118(String)
2024-12-12 11:12:55.415 [pool-1-thread-1] DEBUG o.e.m.ManagementLogMapper.insert - <==    Updates: 1
2024-12-12 11:12:55.416 [pool-1-thread-1] DEBUG o.e.mapper.MachineMapper.selectById - ==>  Preparing: SELECT id, zone_id, price, status, online_user_id FROM machines WHERE id = ?
2024-12-12 11:12:55.416 [pool-1-thread-1] DEBUG o.e.mapper.MachineMapper.selectById - ==> Parameters: 118(Integer)
2024-12-12 11:12:55.416 [pool-1-thread-1] DEBUG o.e.mapper.MachineMapper.selectById - <==      Total: 0
2024-12-12 11:12:55.417 [pool-1-thread-1] DEBUG o.e.m.ManagementLogMapper.insert - ==>  Preparing: INSERT INTO managementlog (admin_id, operation, detail) VALUES (?, ?, ?)
2024-12-12 11:12:55.417 [pool-1-thread-1] DEBUG o.e.m.ManagementLogMapper.insert - ==> Parameters: null, QUERY_MACHINE(String), 查询机器详情，机器ID: 944(String)
2024-12-12 11:12:55.420 [pool-1-thread-1] DEBUG o.e.m.ManagementLogMapper.insert - <==    Updates: 1
2024-12-12 11:12:55.420 [pool-1-thread-1] DEBUG o.e.mapper.MachineMapper.selectById - ==>  Preparing: SELECT id, zone_id, price, status, online_user_id FROM machines WHERE id = ?
2024-12-12 11:12:55.420 [pool-1-thread-1] DEBUG o.e.mapper.MachineMapper.selectById - ==> Parameters: 944(Integer)
2024-12-12 11:12:55.420 [pool-1-thread-1] DEBUG o.e.mapper.MachineMapper.selectById - <==      Total: 0
2024-12-12 11:12:55.421 [pool-1-thread-1] DEBUG o.e.m.ManagementLogMapper.insert - ==>  Preparing: INSERT INTO managementlog (admin_id, operation, detail) VALUES (?, ?, ?)
2024-12-12 11:12:55.421 [pool-1-thread-1] DEBUG o.e.m.ManagementLogMapper.insert - ==> Parameters: null, QUERY_MACHINE(String), 查询机器详情，机器ID: 11(String)
2024-12-12 11:12:55.423 [pool-1-thread-1] DEBUG o.e.m.ManagementLogMapper.insert - <==    Updates: 1
2024-12-12 11:12:55.423 [pool-1-thread-1] DEBUG o.e.mapper.MachineMapper.selectById - ==>  Preparing: SELECT id, zone_id, price, status, online_user_id FROM machines WHERE id = ?
2024-12-12 11:12:55.423 [pool-1-thread-1] DEBUG o.e.mapper.MachineMapper.selectById - ==> Parameters: 11(Integer)
2024-12-12 11:12:55.424 [pool-1-thread-1] DEBUG o.e.mapper.MachineMapper.selectById - <==      Total: 1
2024-12-12 11:12:55.424 [pool-1-thread-1] DEBUG o.e.mapper.UserMapper.selectById - ==>  Preparing: SELECT id, name, identity_card, phone_number, balance, login_password, status, machine_id, last_on_computer_time, last_off_computer_time, register_time FROM users WHERE id = ?
2024-12-12 11:12:55.425 [pool-1-thread-1] DEBUG o.e.mapper.UserMapper.selectById - ==> Parameters: 122(Integer)
2024-12-12 11:12:55.425 [pool-1-thread-1] DEBUG o.e.mapper.UserMapper.selectById - <==      Total: 1
2024-12-12 11:12:55.425 [pool-1-thread-1] DEBUG o.e.m.ManagementLogMapper.insert - ==>  Preparing: INSERT INTO managementlog (admin_id, operation, detail) VALUES (?, ?, ?)
2024-12-12 11:12:55.427 [pool-1-thread-1] DEBUG o.e.m.ManagementLogMapper.insert - ==> Parameters: null, QUERY_MACHINE(String), 查询机器详情，机器ID: 11(String)
2024-12-12 11:12:55.429 [pool-1-thread-1] DEBUG o.e.m.ManagementLogMapper.insert - <==    Updates: 1
2024-12-12 11:12:55.429 [pool-1-thread-1] DEBUG o.e.mapper.MachineMapper.selectById - ==>  Preparing: SELECT id, zone_id, price, status, online_user_id FROM machines WHERE id = ?
2024-12-12 11:12:55.429 [pool-1-thread-1] DEBUG o.e.mapper.MachineMapper.selectById - ==> Parameters: 11(Integer)
2024-12-12 11:12:55.430 [pool-1-thread-1] DEBUG o.e.mapper.MachineMapper.selectById - <==      Total: 1
2024-12-12 11:12:55.430 [pool-1-thread-1] DEBUG o.e.m.ManagementLogMapper.insert - ==>  Preparing: INSERT INTO managementlog (admin_id, operation, detail) VALUES (?, ?, ?)
2024-12-12 11:12:55.430 [pool-1-thread-1] DEBUG o.e.m.ManagementLogMapper.insert - ==> Parameters: null, USER_OPERATION_ERROR(String), 下机失败，余额不足，用户ID: 122, 用户名: User937, 当前余额: 0.00元, 需付费用: 611930.00元(String)
2024-12-12 11:12:55.432 [pool-1-thread-1] DEBUG o.e.m.ManagementLogMapper.insert - <==    Updates: 1
2024-12-12 11:12:55.432 [pool-1-thread-1] DEBUG o.e.mapper.UserLogMapper.insert - ==>  Preparing: INSERT INTO userlog (user_id, operation, detail) VALUES (?, ?, ?)
2024-12-12 11:12:55.434 [pool-1-thread-1] DEBUG o.e.mapper.UserLogMapper.insert - ==> Parameters: 122(Integer), ERROR(String), 强制下机失败：余额不足(String)
2024-12-12 11:12:55.437 [pool-1-thread-1] DEBUG o.e.mapper.UserLogMapper.insert - <==    Updates: 1
2024-12-12 11:12:55.437 [pool-1-thread-1] DEBUG o.e.m.ManagementLogMapper.insert - ==>  Preparing: INSERT INTO managementlog (admin_id, operation, detail) VALUES (?, ?, ?)
2024-12-12 11:12:55.437 [pool-1-thread-1] DEBUG o.e.m.ManagementLogMapper.insert - ==> Parameters: null, QUERY_MACHINE(String), 查询机器详情，机器ID: 882(String)
2024-12-12 11:12:55.439 [pool-1-thread-1] DEBUG o.e.m.ManagementLogMapper.insert - <==    Updates: 1
2024-12-12 11:12:55.439 [pool-1-thread-1] DEBUG o.e.mapper.MachineMapper.selectById - ==>  Preparing: SELECT id, zone_id, price, status, online_user_id FROM machines WHERE id = ?
2024-12-12 11:12:55.439 [pool-1-thread-1] DEBUG o.e.mapper.MachineMapper.selectById - ==> Parameters: 882(Integer)
2024-12-12 11:12:55.439 [pool-1-thread-1] DEBUG o.e.mapper.MachineMapper.selectById - <==      Total: 0
2024-12-12 11:12:55.441 [pool-1-thread-1] DEBUG o.e.m.ManagementLogMapper.insert - ==>  Preparing: INSERT INTO managementlog (admin_id, operation, detail) VALUES (?, ?, ?)
2024-12-12 11:12:55.441 [pool-1-thread-1] DEBUG o.e.m.ManagementLogMapper.insert - ==> Parameters: null, QUERY_MACHINE(String), 查询机器详情，机器ID: 593(String)
2024-12-12 11:12:55.443 [pool-1-thread-1] DEBUG o.e.m.ManagementLogMapper.insert - <==    Updates: 1
2024-12-12 11:12:55.443 [pool-1-thread-1] DEBUG o.e.mapper.MachineMapper.selectById - ==>  Preparing: SELECT id, zone_id, price, status, online_user_id FROM machines WHERE id = ?
2024-12-12 11:12:55.443 [pool-1-thread-1] DEBUG o.e.mapper.MachineMapper.selectById - ==> Parameters: 593(Integer)
2024-12-12 11:12:55.444 [pool-1-thread-1] DEBUG o.e.mapper.MachineMapper.selectById - <==      Total: 0
2024-12-12 11:12:55.444 [pool-1-thread-1] DEBUG o.e.m.ManagementLogMapper.insert - ==>  Preparing: INSERT INTO managementlog (admin_id, operation, detail) VALUES (?, ?, ?)
2024-12-12 11:12:55.444 [pool-1-thread-1] DEBUG o.e.m.ManagementLogMapper.insert - ==> Parameters: null, QUERY_MACHINE(String), 查询机器详情，机器ID: 444(String)
2024-12-12 11:12:55.446 [pool-1-thread-1] DEBUG o.e.m.ManagementLogMapper.insert - <==    Updates: 1
2024-12-12 11:12:55.446 [pool-1-thread-1] DEBUG o.e.mapper.MachineMapper.selectById - ==>  Preparing: SELECT id, zone_id, price, status, online_user_id FROM machines WHERE id = ?
2024-12-12 11:12:55.447 [pool-1-thread-1] DEBUG o.e.mapper.MachineMapper.selectById - ==> Parameters: 444(Integer)
2024-12-12 11:12:55.447 [pool-1-thread-1] DEBUG o.e.mapper.MachineMapper.selectById - <==      Total: 0
2024-12-12 11:12:55.449 [pool-1-thread-1] DEBUG o.e.m.ManagementLogMapper.insert - ==>  Preparing: INSERT INTO managementlog (admin_id, operation, detail) VALUES (?, ?, ?)
2024-12-12 11:12:55.449 [pool-1-thread-1] DEBUG o.e.m.ManagementLogMapper.insert - ==> Parameters: null, QUERY_MACHINE(String), 查询机器详情，机器ID: 263(String)
2024-12-12 11:12:55.451 [pool-1-thread-1] DEBUG o.e.m.ManagementLogMapper.insert - <==    Updates: 1
2024-12-12 11:12:55.451 [pool-1-thread-1] DEBUG o.e.mapper.MachineMapper.selectById - ==>  Preparing: SELECT id, zone_id, price, status, online_user_id FROM machines WHERE id = ?
2024-12-12 11:12:55.451 [pool-1-thread-1] DEBUG o.e.mapper.MachineMapper.selectById - ==> Parameters: 263(Integer)
2024-12-12 11:12:55.452 [pool-1-thread-1] DEBUG o.e.mapper.MachineMapper.selectById - <==      Total: 0
2024-12-12 11:12:55.452 [pool-1-thread-1] DEBUG o.e.m.ManagementLogMapper.insert - ==>  Preparing: INSERT INTO managementlog (admin_id, operation, detail) VALUES (?, ?, ?)
2024-12-12 11:12:55.452 [pool-1-thread-1] DEBUG o.e.m.ManagementLogMapper.insert - ==> Parameters: null, QUERY_MACHINE(String), 查询机器详情，机器ID: 731(String)
2024-12-12 11:12:55.455 [pool-1-thread-1] DEBUG o.e.m.ManagementLogMapper.insert - <==    Updates: 1
2024-12-12 11:12:55.455 [pool-1-thread-1] DEBUG o.e.mapper.MachineMapper.selectById - ==>  Preparing: SELECT id, zone_id, price, status, online_user_id FROM machines WHERE id = ?
2024-12-12 11:12:55.455 [pool-1-thread-1] DEBUG o.e.mapper.MachineMapper.selectById - ==> Parameters: 731(Integer)
2024-12-12 11:12:55.456 [pool-1-thread-1] DEBUG o.e.mapper.MachineMapper.selectById - <==      Total: 0
2024-12-12 11:12:55.457 [pool-1-thread-1] DEBUG o.e.m.ManagementLogMapper.insert - ==>  Preparing: INSERT INTO managementlog (admin_id, operation, detail) VALUES (?, ?, ?)
2024-12-12 11:12:55.457 [pool-1-thread-1] DEBUG o.e.m.ManagementLogMapper.insert - ==> Parameters: null, QUERY_MACHINE(String), 查询机器详情，机器ID: 570(String)
2024-12-12 11:12:55.459 [pool-1-thread-1] DEBUG o.e.m.ManagementLogMapper.insert - <==    Updates: 1
2024-12-12 11:12:55.459 [pool-1-thread-1] DEBUG o.e.mapper.MachineMapper.selectById - ==>  Preparing: SELECT id, zone_id, price, status, online_user_id FROM machines WHERE id = ?
2024-12-12 11:12:55.459 [pool-1-thread-1] DEBUG o.e.mapper.MachineMapper.selectById - ==> Parameters: 570(Integer)
2024-12-12 11:12:55.460 [pool-1-thread-1] DEBUG o.e.mapper.MachineMapper.selectById - <==      Total: 0
2024-12-12 11:12:55.461 [pool-1-thread-1] DEBUG o.e.m.ManagementLogMapper.insert - ==>  Preparing: INSERT INTO managementlog (admin_id, operation, detail) VALUES (?, ?, ?)
2024-12-12 11:12:55.461 [pool-1-thread-1] DEBUG o.e.m.ManagementLogMapper.insert - ==> Parameters: null, QUERY_MACHINE(String), 查询机器详情，机器ID: 267(String)
2024-12-12 11:12:55.464 [pool-1-thread-1] DEBUG o.e.m.ManagementLogMapper.insert - <==    Updates: 1
2024-12-12 11:12:55.465 [pool-1-thread-1] DEBUG o.e.mapper.MachineMapper.selectById - ==>  Preparing: SELECT id, zone_id, price, status, online_user_id FROM machines WHERE id = ?
2024-12-12 11:12:55.465 [pool-1-thread-1] DEBUG o.e.mapper.MachineMapper.selectById - ==> Parameters: 267(Integer)
2024-12-12 11:12:55.466 [pool-1-thread-1] DEBUG o.e.mapper.MachineMapper.selectById - <==      Total: 0
2024-12-12 11:12:55.466 [pool-1-thread-1] DEBUG o.e.m.ManagementLogMapper.insert - ==>  Preparing: INSERT INTO managementlog (admin_id, operation, detail) VALUES (?, ?, ?)
2024-12-12 11:12:55.466 [pool-1-thread-1] DEBUG o.e.m.ManagementLogMapper.insert - ==> Parameters: null, QUERY_MACHINE(String), 查询机器详情，机器ID: 491(String)
2024-12-12 11:12:55.469 [pool-1-thread-1] DEBUG o.e.m.ManagementLogMapper.insert - <==    Updates: 1
2024-12-12 11:12:55.469 [pool-1-thread-1] DEBUG o.e.mapper.MachineMapper.selectById - ==>  Preparing: SELECT id, zone_id, price, status, online_user_id FROM machines WHERE id = ?
2024-12-12 11:12:55.469 [pool-1-thread-1] DEBUG o.e.mapper.MachineMapper.selectById - ==> Parameters: 491(Integer)
2024-12-12 11:12:55.469 [pool-1-thread-1] DEBUG o.e.mapper.MachineMapper.selectById - <==      Total: 0
2024-12-12 11:12:55.471 [pool-1-thread-1] DEBUG o.e.m.ManagementLogMapper.insert - ==>  Preparing: INSERT INTO managementlog (admin_id, operation, detail) VALUES (?, ?, ?)
2024-12-12 11:12:55.471 [pool-1-thread-1] DEBUG o.e.m.ManagementLogMapper.insert - ==> Parameters: null, QUERY_MACHINE(String), 查询机器详情，机器ID: 449(String)
2024-12-12 11:12:55.473 [pool-1-thread-1] DEBUG o.e.m.ManagementLogMapper.insert - <==    Updates: 1
2024-12-12 11:12:55.474 [pool-1-thread-1] DEBUG o.e.mapper.MachineMapper.selectById - ==>  Preparing: SELECT id, zone_id, price, status, online_user_id FROM machines WHERE id = ?
2024-12-12 11:12:55.474 [pool-1-thread-1] DEBUG o.e.mapper.MachineMapper.selectById - ==> Parameters: 449(Integer)
2024-12-12 11:12:55.474 [pool-1-thread-1] DEBUG o.e.mapper.MachineMapper.selectById - <==      Total: 0
2024-12-12 11:12:55.474 [pool-1-thread-1] DEBUG o.e.m.ManagementLogMapper.insert - ==>  Preparing: INSERT INTO managementlog (admin_id, operation, detail) VALUES (?, ?, ?)
2024-12-12 11:12:55.474 [pool-1-thread-1] DEBUG o.e.m.ManagementLogMapper.insert - ==> Parameters: null, QUERY_MACHINE(String), 查询机器详情，机器ID: 79(String)
2024-12-12 11:12:55.476 [pool-1-thread-1] DEBUG o.e.m.ManagementLogMapper.insert - <==    Updates: 1
2024-12-12 11:12:55.478 [pool-1-thread-1] DEBUG o.e.mapper.MachineMapper.selectById - ==>  Preparing: SELECT id, zone_id, price, status, online_user_id FROM machines WHERE id = ?
2024-12-12 11:12:55.478 [pool-1-thread-1] DEBUG o.e.mapper.MachineMapper.selectById - ==> Parameters: 79(Integer)
2024-12-12 11:12:55.478 [pool-1-thread-1] DEBUG o.e.mapper.MachineMapper.selectById - <==      Total: 1
2024-12-12 11:12:55.479 [pool-1-thread-1] DEBUG o.e.mapper.UserMapper.selectById - ==>  Preparing: SELECT id, name, identity_card, phone_number, balance, login_password, status, machine_id, last_on_computer_time, last_off_computer_time, register_time FROM users WHERE id = ?
2024-12-12 11:12:55.479 [pool-1-thread-1] DEBUG o.e.mapper.UserMapper.selectById - ==> Parameters: 148(Integer)
2024-12-12 11:12:55.480 [pool-1-thread-1] DEBUG o.e.mapper.UserMapper.selectById - <==      Total: 1
2024-12-12 11:12:55.480 [pool-1-thread-1] DEBUG o.e.m.ManagementLogMapper.insert - ==>  Preparing: INSERT INTO managementlog (admin_id, operation, detail) VALUES (?, ?, ?)
2024-12-12 11:12:55.481 [pool-1-thread-1] DEBUG o.e.m.ManagementLogMapper.insert - ==> Parameters: null, QUERY_MACHINE(String), 查询机器详情，机器ID: 79(String)
2024-12-12 11:12:55.483 [pool-1-thread-1] DEBUG o.e.m.ManagementLogMapper.insert - <==    Updates: 1
2024-12-12 11:12:55.483 [pool-1-thread-1] DEBUG o.e.mapper.MachineMapper.selectById - ==>  Preparing: SELECT id, zone_id, price, status, online_user_id FROM machines WHERE id = ?
2024-12-12 11:12:55.483 [pool-1-thread-1] DEBUG o.e.mapper.MachineMapper.selectById - ==> Parameters: 79(Integer)
2024-12-12 11:12:55.484 [pool-1-thread-1] DEBUG o.e.mapper.MachineMapper.selectById - <==      Total: 1
2024-12-12 11:12:55.484 [pool-1-thread-1] DEBUG o.e.m.ManagementLogMapper.insert - ==>  Preparing: INSERT INTO managementlog (admin_id, operation, detail) VALUES (?, ?, ?)
2024-12-12 11:12:55.484 [pool-1-thread-1] DEBUG o.e.m.ManagementLogMapper.insert - ==> Parameters: null, USER_OPERATION_ERROR(String), 下机失败，余额不足，用户ID: 148, 用户名: User696, 当前余额: 0.00元, 需付费用: 625120.00元(String)
2024-12-12 11:12:55.488 [pool-1-thread-1] DEBUG o.e.m.ManagementLogMapper.insert - <==    Updates: 1
2024-12-12 11:12:55.488 [pool-1-thread-1] DEBUG o.e.mapper.UserLogMapper.insert - ==>  Preparing: INSERT INTO userlog (user_id, operation, detail) VALUES (?, ?, ?)
2024-12-12 11:12:55.488 [pool-1-thread-1] DEBUG o.e.mapper.UserLogMapper.insert - ==> Parameters: 148(Integer), ERROR(String), 强制下机失败：余额不足(String)
2024-12-12 11:12:55.491 [pool-1-thread-1] DEBUG o.e.mapper.UserLogMapper.insert - <==    Updates: 1
2024-12-12 11:12:55.491 [pool-1-thread-1] DEBUG o.e.m.ManagementLogMapper.insert - ==>  Preparing: INSERT INTO managementlog (admin_id, operation, detail) VALUES (?, ?, ?)
2024-12-12 11:12:55.491 [pool-1-thread-1] DEBUG o.e.m.ManagementLogMapper.insert - ==> Parameters: null, QUERY_MACHINE(String), 查询机器详情，机器ID: 68(String)
2024-12-12 11:12:55.493 [pool-1-thread-1] DEBUG o.e.m.ManagementLogMapper.insert - <==    Updates: 1
2024-12-12 11:12:55.494 [pool-1-thread-1] DEBUG o.e.mapper.MachineMapper.selectById - ==>  Preparing: SELECT id, zone_id, price, status, online_user_id FROM machines WHERE id = ?
2024-12-12 11:12:55.494 [pool-1-thread-1] DEBUG o.e.mapper.MachineMapper.selectById - ==> Parameters: 68(Integer)
2024-12-12 11:12:55.494 [pool-1-thread-1] DEBUG o.e.mapper.MachineMapper.selectById - <==      Total: 1
2024-12-12 11:12:55.495 [pool-1-thread-1] DEBUG o.e.mapper.UserMapper.selectById - ==>  Preparing: SELECT id, name, identity_card, phone_number, balance, login_password, status, machine_id, last_on_computer_time, last_off_computer_time, register_time FROM users WHERE id = ?
2024-12-12 11:12:55.495 [pool-1-thread-1] DEBUG o.e.mapper.UserMapper.selectById - ==> Parameters: 150(Integer)
2024-12-12 11:12:55.495 [pool-1-thread-1] DEBUG o.e.mapper.UserMapper.selectById - <==      Total: 1
2024-12-12 11:12:55.495 [pool-1-thread-1] DEBUG o.e.m.ManagementLogMapper.insert - ==>  Preparing: INSERT INTO managementlog (admin_id, operation, detail) VALUES (?, ?, ?)
2024-12-12 11:12:55.495 [pool-1-thread-1] DEBUG o.e.m.ManagementLogMapper.insert - ==> Parameters: null, QUERY_MACHINE(String), 查询机器详情，机器ID: 68(String)
2024-12-12 11:12:55.499 [pool-1-thread-1] DEBUG o.e.m.ManagementLogMapper.insert - <==    Updates: 1
2024-12-12 11:12:55.499 [pool-1-thread-1] DEBUG o.e.mapper.MachineMapper.selectById - ==>  Preparing: SELECT id, zone_id, price, status, online_user_id FROM machines WHERE id = ?
2024-12-12 11:12:55.499 [pool-1-thread-1] DEBUG o.e.mapper.MachineMapper.selectById - ==> Parameters: 68(Integer)
2024-12-12 11:12:55.499 [pool-1-thread-1] DEBUG o.e.mapper.MachineMapper.selectById - <==      Total: 1
2024-12-12 11:12:55.500 [pool-1-thread-1] DEBUG o.e.m.ManagementLogMapper.insert - ==>  Preparing: INSERT INTO managementlog (admin_id, operation, detail) VALUES (?, ?, ?)
2024-12-12 11:12:55.500 [pool-1-thread-1] DEBUG o.e.m.ManagementLogMapper.insert - ==> Parameters: null, USER_OPERATION_ERROR(String), 下机失败，余额不足，用户ID: 150, 用户名: User612, 当前余额: 0.00元, 需付费用: 345670.00元(String)
2024-12-12 11:12:55.502 [pool-1-thread-1] DEBUG o.e.m.ManagementLogMapper.insert - <==    Updates: 1
2024-12-12 11:12:55.502 [pool-1-thread-1] DEBUG o.e.mapper.UserLogMapper.insert - ==>  Preparing: INSERT INTO userlog (user_id, operation, detail) VALUES (?, ?, ?)
2024-12-12 11:12:55.502 [pool-1-thread-1] DEBUG o.e.mapper.UserLogMapper.insert - ==> Parameters: 150(Integer), ERROR(String), 强制下机失败：余额不足(String)
2024-12-12 11:12:55.504 [pool-1-thread-1] DEBUG o.e.mapper.UserLogMapper.insert - <==    Updates: 1
2024-12-12 11:12:55.504 [pool-1-thread-1] DEBUG o.e.m.ManagementLogMapper.insert - ==>  Preparing: INSERT INTO managementlog (admin_id, operation, detail) VALUES (?, ?, ?)
2024-12-12 11:12:55.504 [pool-1-thread-1] DEBUG o.e.m.ManagementLogMapper.insert - ==> Parameters: null, QUERY_MACHINE(String), 查询机器详情，机器ID: 413(String)
2024-12-12 11:12:55.508 [pool-1-thread-1] DEBUG o.e.m.ManagementLogMapper.insert - <==    Updates: 1
2024-12-12 11:12:55.508 [pool-1-thread-1] DEBUG o.e.mapper.MachineMapper.selectById - ==>  Preparing: SELECT id, zone_id, price, status, online_user_id FROM machines WHERE id = ?
2024-12-12 11:12:55.508 [pool-1-thread-1] DEBUG o.e.mapper.MachineMapper.selectById - ==> Parameters: 413(Integer)
2024-12-12 11:12:55.509 [pool-1-thread-1] DEBUG o.e.mapper.MachineMapper.selectById - <==      Total: 0
2024-12-12 11:12:55.512 [pool-1-thread-1] ERROR o.s.s.s.TaskUtils$LoggingErrorHandler - Unexpected error occurred in scheduled task
org.springframework.transaction.UnexpectedRollbackException: Transaction rolled back because it has been marked as rollback-only
	at org.springframework.transaction.support.AbstractPlatformTransactionManager.processRollback(AbstractPlatformTransactionManager.java:870)
	at org.springframework.transaction.support.AbstractPlatformTransactionManager.commit(AbstractPlatformTransactionManager.java:707)
	at org.springframework.transaction.interceptor.TransactionAspectSupport.commitTransactionAfterReturning(TransactionAspectSupport.java:654)
	at org.springframework.transaction.interceptor.TransactionAspectSupport.invokeWithinTransaction(TransactionAspectSupport.java:407)
	at org.springframework.transaction.interceptor.TransactionInterceptor.invoke(TransactionInterceptor.java:119)
	at org.springframework.aop.framework.ReflectiveMethodInvocation.proceed(ReflectiveMethodInvocation.java:186)
	at org.springframework.aop.framework.CglibAopProxy$CglibMethodInvocation.proceed(CglibAopProxy.java:763)
	at org.springframework.aop.framework.CglibAopProxy$DynamicAdvisedInterceptor.intercept(CglibAopProxy.java:708)
	at org.example.service.impl.UserMonitorServiceImpl$$EnhancerBySpringCGLIB$$68882bf2.checkUserBalance(<generated>)
	at java.base/jdk.internal.reflect.DirectMethodHandleAccessor.invoke(DirectMethodHandleAccessor.java:104)
	at java.base/java.lang.reflect.Method.invoke(Method.java:578)
	at org.springframework.scheduling.support.ScheduledMethodRunnable.run(ScheduledMethodRunnable.java:84)
	at org.springframework.scheduling.support.DelegatingErrorHandlingRunnable.run(DelegatingErrorHandlingRunnable.java:54)
	at java.base/java.util.concurrent.Executors$RunnableAdapter.call(Executors.java:577)
	at java.base/java.util.concurrent.FutureTask.runAndReset(FutureTask.java:358)
	at java.base/java.util.concurrent.ScheduledThreadPoolExecutor$ScheduledFutureTask.run(ScheduledThreadPoolExecutor.java:305)
	at java.base/java.util.concurrent.ThreadPoolExecutor.runWorker(ThreadPoolExecutor.java:1144)
	at java.base/java.util.concurrent.ThreadPoolExecutor$Worker.run(ThreadPoolExecutor.java:642)
	at java.base/java.lang.Thread.run(Thread.java:1589)
